exps - INFO - EXPERIMENTS: SOURCES ONLY
exps - INFO - USING HOLDOUT 1.0
exps - INFO - START experiments: SOURCES ONLY w. HOLDOUT 1.0
exps - INFO - Initializing and cleaning DD
exps - INFO - DONE
exps - INFO - DONE running SOURCES ONLY. Total run time = 2791.24 secs
exps - DEBUG - PRINT results: SOURCES ONLY
exps - INFO - ACCURACY ESTIMATION ERROR:
     ?column?      
-------------------
 0.250309505722366
(1 row)

exps - DEBUG - BUCKETS:
 bucket | is_true | count 
--------+---------+-------
      0 | f       |  6062
      0 | t       |   232
      1 | t       |     6
      2 | f       |   485
      2 | t       |    20
      3 | t       |     2
      4 | t       |     1
      5 | f       |     1
      5 | t       |     4
      6 | f       |     5
      6 | t       |     1
      7 | f       |   107
      7 | t       |   551
      8 | t       |     1
      9 | f       |    13
      9 | t       |    89
(16 rows)

exps - INFO - 
PERFORMANCE FOR Threshold 0.5
exps - INFO - Precision: 0.836787564767
exps - INFO - Recall: 0.71223814774
exps - INFO - Acc: 0.948944591029
exps - INFO - F1: 0.76950565813
exps - INFO - 
PERFORMANCE FOR Threshold 0.7
exps - INFO - Precision: 0.842312746386
exps - INFO - Recall: 0.706725468578
exps - INFO - Acc: 0.94907651715
exps - INFO - F1: 0.768585131894
exps - INFO - 
PERFORMANCE FOR Threshold 0.9
exps - INFO - Precision: 0.872549019608
exps - INFO - Recall: 0.0981256890849
exps - INFO - Acc: 0.89036939314
exps - INFO - F1: 0.176412289395
exps - DEBUG - EVALUATE ASSIGNMENTS TO FALSE (threshold 0.5)
    ?column?    | is_true | count 
----------------+---------+-------
 Assigned False | f       |  6547
 Assigned False | t       |   261
(2 rows)

exps - DEBUG - EVALUATE ASSIGNMENTS TO TRUE (threshold 0.5)
   ?column?    | is_true | count 
---------------+---------+-------
 Assigned True | f       |   126
 Assigned True | t       |   646
(2 rows)

exps - DEBUG - EVALUATE ASSIGNMENTS TO FALSE (threshold 0.3)
    ?column?    | is_true | count 
----------------+---------+-------
 Assigned False | f       |  6547
 Assigned False | t       |   258
(2 rows)

exps - DEBUG - EVALUATE ASSIGNMENTS TO TRUE (threshold 0.7)
   ?column?    | is_true | count 
---------------+---------+-------
 Assigned True | f       |   120
 Assigned True | t       |   641
(2 rows)

exps - DEBUG - EVALUATE ASSIGNMENTS TO FALSE (threshold 0.1)
    ?column?    | is_true | count 
----------------+---------+-------
 Assigned False | f       |  6062
 Assigned False | t       |   232
(2 rows)

exps - DEBUG - EVALUATE ASSIGNMENTS TO TRUE (threshold 0.9)
   ?column?    | is_true | count 
---------------+---------+-------
 Assigned True | f       |    13
 Assigned True | t       |    89
(2 rows)

exps - INFO - END experiments: SOURCES ONLY
exps - INFO - EXPERIMENTS: WITH FEATURES
exps - INFO - USING HOLDOUT 1.0
exps - INFO - START experiments: WITH FEATURES ONLY w. HOLDOUT 1.0
exps - INFO - Initializing and cleaning DD
exps - INFO - DONE
exps - INFO - DONE running WITH FEATURES. Total run time = 13620.22 secs
exps - DEBUG - PRINT results: WITH FEATURES
exps - INFO - ACCURACY ESTIMATION ERROR:
     ?column?      
-------------------
 0.241183660550857
(1 row)

exps - DEBUG - SELECTED FEATURES W. WEIGHTS:
              feature              |    weight    
-----------------------------------+--------------
 Search Visits=10.0                |      1.41858
 Daily Page Views Per Visitor=2.9  |      1.06525
 Daily Time on Site=188            |      1.05954
 Daily Page Views Per Visitor=2.76 |      0.61508
 Daily Page Views Per Visitor=3.3  |     0.457797
 Total Sites Linking In=1800       |     0.403023
 Rank=14526                        |     0.359514
 Daily Time on Site=163            |     0.307358
 Daily Time on Site=451            |     0.303964
 Search Visits=26.3                |     0.303757
 Daily Page Views Per Visitor=2.8  |     0.299302
 Search Visits=4.9                 |     0.299211
 Rank=126196                       |     0.295071
 Search Visits=9.8                 |     0.288807
 Bounce Rate=12.6                  |     0.285794
 Total Sites Linking In=3005       |      0.28502
 Country Rank=2850                 |     0.283588
 Total Sites Linking In=10803      |     0.280543
 Daily Time on Site=173            |      0.27976
 Daily Time on Site=828            |     0.278907
 Search Visits=10.6                |     0.278617
 Daily Page Views Per Visitor=2.6  |     0.276112
 Daily Time on Site=109            |     0.273881
 Daily Page Views Per Visitor=1.5  |      0.27387
 Rank=6972                         |      0.27176
 Bounce Rate=48.5                  |     0.269498
 Daily Page Views Per Visitor=1.62 |     0.265713
 Rank=91285                        |     0.264133
 Total Sites Linking In=29811      |     0.262713
 Country Rank=47998                |     0.260876
 Country Rank=123                  |     0.259236
 Search Visits=19.9                |     0.257562
 Daily Page Views Per Visitor=8.14 |     0.257322
 Total Sites Linking In=3975       |     0.255783
 Daily Time on Site=310            |     0.251691
 Search Visits=23.9                |     0.249433
 Bounce Rate=55.4                  |     0.247687
 Daily Time on Site=122            |     0.246448
 Daily Time on Site=149            |     0.243525
 Total Sites Linking In=11276      |     0.241424
 Rank=23525                        |      0.23786
 Rank=8778                         |     0.235226
 Bounce Rate=63.6                  |     0.234585
 Rank=80601                        |     0.233599
 Search Visits=5.5                 |      0.23273
 Bounce Rate=70.2                  |     0.231261
 Search Visits=13.3                |     0.230176
 Rank=2476                         |     0.228964
 Daily Page Views Per Visitor=1.4  |     0.223489
 Daily Page Views Per Visitor=1.61 |     0.219319
 Country Rank=4302                 |      0.21921
 Daily Page Views Per Visitor=2.1  |     0.217565
 Daily Time on Site=258            |     0.217292
 Bounce Rate=78.4                  |     0.216086
 Country Rank=2415                 |     0.214784
 Daily Time on Site=189            |     0.211217
 Bounce Rate=71.1                  |     0.210929
 Bounce Rate=66.4                  |      0.21059
 Rank=631                          |     0.210037
 Search Visits=8.1                 |     0.209959
 Bounce Rate=73.0                  |     0.209063
 Daily Time on Site=295            |     0.208557
 Country Rank=34796                |     0.208277
 Search Visits=15.8                |     0.207316
 Bounce Rate=50.2                  |     0.206356
 Daily Page Views Per Visitor=1.82 |     0.206279
 Country Rank=343                  |     0.204552
 Rank=702                          |     0.203939
 Daily Page Views Per Visitor=1.46 |     0.201508
 Daily Page Views Per Visitor=2.4  |     0.198866
 Total Sites Linking In=3643       |     0.197836
 Rank=4128                         |     0.195126
 Country Rank=291897               |     0.190436
 Search Visits=21.0                |     0.187633
 Search Visits=29.3                |     0.187371
 Total Sites Linking In=4425       |     0.186497
 Total Sites Linking In=8904       |     0.183302
 Country Rank=41674                |     0.182955
 Total Sites Linking In=2514       |     0.182624
 Daily Page Views Per Visitor=1.89 |     0.181222
 Daily Page Views Per Visitor=2.05 |     0.178769
 Country Rank=537016               |     0.178244
 Bounce Rate=77.1                  |     0.173796
 Total Sites Linking In=73         |     0.173227
 Bounce Rate=25.2                  |     0.168229
 Country Rank=13638                |     0.167435
 Search Visits=10.4                |     0.166031
 Search Visits=18.4                |     0.165751
 Daily Page Views Per Visitor=2.5  |     0.164707
 Rank=207                          |     0.161817
 Rank=27369                        |     0.159601
 Search Visits=12.4                |      0.15929
 Total Sites Linking In=50232      |     0.155543
 Daily Page Views Per Visitor=1.3  |     0.155435
 Country Rank=613                  |     0.154597
 Rank=5517                         |     0.154151
 Daily Time on Site=102            |     0.151565
 Daily Page Views Per Visitor=2.09 |      0.15137
 Rank=635815                       |     0.150689
 Total Sites Linking In=738        |     0.149515
 Rank=1255421                      |     0.146912
 Rank=69898                        |     0.145993
 Daily Time on Site=198            |     0.143636
 Daily Page Views Per Visitor=6.65 |     0.141081
 Bounce Rate=33.9                  |     0.138131
 Daily Time on Site=878            |     0.137948
 Bounce Rate=47.9                  |     0.130713
 Total Sites Linking In=17363      |     0.128013
 Search Visits=7.9                 |      0.12712
 Country Rank=7012                 |     0.123153
 Total Sites Linking In=659        |     0.123024
 Bounce Rate=47.0                  |     0.121873
 Bounce Rate=41.5                  |     0.121271
 Search Visits=11.0                |     0.120069
 Daily Time on Site=194            |     0.120047
 Bounce Rate=67.3                  |     0.119877
 Search Visits=5.4                 |     0.118091
 Rank=128250                       |     0.114592
 Country Rank=718                  |     0.114559
 Country Rank=93                   |     0.113155
 Daily Time on Site=464            |     0.111753
 Daily Time on Site=845            |     0.111488
 Daily Time on Site=480            |     0.110638
 Country Rank=70                   |      0.10908
 Search Visits=3.2                 |     0.108161
 Bounce Rate=69.0                  |     0.104477
 Search Visits=7.7                 |     0.103658
 Total Sites Linking In=290        |    0.0997045
 Daily Page Views Per Visitor=3.46 |    0.0979173
 Total Sites Linking In=174111     |    0.0967717
 Daily Time on Site=197            |    0.0926489
 Daily Page Views Per Visitor=4.13 |    0.0907057
 Total Sites Linking In=94124      |    0.0900212
 Daily Time on Site=202            |    0.0890766
 Search Visits=9.0                 |    0.0835535
 Total Sites Linking In=42356      |    0.0830624
 Daily Time on Site=350            |     0.073342
 Daily Time on Site=178            |     0.072113
 Total Sites Linking In=5932       |     0.071881
 Rank=77                           |       0.0691
 Country Rank=5022                 |    0.0682768
 Country Rank=1984                 |    0.0660096
 Rank=664                          |    0.0660065
 Rank=4857                         |    0.0640052
 Rank=384054                       |    0.0634893
 Bounce Rate=68.3                  |    0.0621628
 Total Sites Linking In=4272       |    0.0615986
 Country Rank=1778                 |    0.0572055
 Daily Page Views Per Visitor=1.7  |      0.05349
 Bounce Rate=36.7                  |    0.0525558
 Country Rank=36950                |    0.0514113
 Total Sites Linking In=1965       |    0.0510287
 Daily Page Views Per Visitor=10.2 |    0.0503759
 Total Sites Linking In=231576     |    0.0481879
 Country Rank=22530                |    0.0479899
 Rank=241053                       |    0.0467707
 Total Sites Linking In=615        |     0.046645
 Daily Page Views Per Visitor=4.8  |    0.0463725
 Country Rank=1784                 |      0.04465
 Total Sites Linking In=14475      |    0.0442545
 Bounce Rate=37.0                  |    0.0438095
 Daily Page Views Per Visitor=1.0  |    0.0421255
 Total Sites Linking In=411        |    0.0388219
 Search Visits=24.0                |    0.0382739
 Bounce Rate=61.1                  |    0.0376756
 Total Sites Linking In=99         |    0.0375288
 Search Visits=23.8                |    0.0363796
 Bounce Rate=42.6                  |    0.0360392
 Bounce Rate=30.4                  |    0.0359583
 Search Visits=14.2                |    0.0347856
 Rank=7387                         |    0.0282378
 Bounce Rate=21.0                  |     0.028068
 Rank=1301                         |     0.027411
 Bounce Rate=38.2                  |    0.0235507
 Bounce Rate=52.6                  |    0.0217623
 Country Rank=2914                 |    0.0214706
 Bounce Rate=30.7                  |    0.0210455
 Daily Page Views Per Visitor=2.2  |    0.0210256
 Search Visits=5.7                 |    0.0207558
 Rank=9860                         |    0.0145806
 Daily Time on Site=199            |    0.0143585
 Country Rank=109407               |    0.0115957
 Country Rank=22                   |    0.0103206
 Bounce Rate=58.3                  |   0.00957539
 Daily Time on Site=324            |   0.00696219
 Country Rank=253636               |   0.00488448
 Daily Time on Site=302            |   0.00255933
 Daily Time on Site=317            | -0.000783514
 Daily Page Views Per Visitor=4.1  |  -0.00173174
 Daily Time on Site=171            |  -0.00228357
 Rank=120287                       |    -0.007057
 Country Rank=375                  |   -0.0136976
 Daily Time on Site=621            |   -0.0145322
 Daily Time on Site=238            |   -0.0154598
 Daily Time on Site=42             |   -0.0187659
 Search Visits=9.7                 |   -0.0292197
 Search Visits=8.6                 |   -0.0310289
 Country Rank=13400                |    -0.031255
 Total Sites Linking In=1900       |   -0.0342262
 Total Sites Linking In=278        |   -0.0345428
 Total Sites Linking In=168        |   -0.0380022
 Total Sites Linking In=15838      |   -0.0384267
 Rank=8776                         |    -0.040014
 Bounce Rate=80.0                  |    -0.041912
 Country Rank=2088                 |   -0.0435794
 Rank=5447555                      |   -0.0462814
 Rank=221824                       |   -0.0484883
 Total Sites Linking In=4325       |   -0.0504686
 Daily Time on Site=344            |   -0.0505204
 Bounce Rate=45.9                  |   -0.0545072
 Rank=198145                       |   -0.0555739
 Rank=2095                         |   -0.0569848
 Country Rank=53822                |   -0.0623478
 Bounce Rate=57.2                  |   -0.0642348
 Rank=166                          |   -0.0681001
 Country Rank=262                  |   -0.0682827
 Total Sites Linking In=1712       |   -0.0692752
 Search Visits=12.8                |   -0.0701786
 Search Visits=10.8                |   -0.0720146
 Search Visits=7.8                 |   -0.0786774
 Country Rank=596                  |   -0.0792367
 Search Visits=14.1                |   -0.0818242
(222 rows)

exps - DEBUG - BUCKETS:
 bucket | is_true | count 
--------+---------+-------
      0 | f       |  3383
      0 | t       |   138
      1 | f       |     1
      1 | t       |     1
      2 | f       |  3159
      2 | t       |   120
      3 | f       |     5
      3 | t       |     5
      4 | f       |     6
      4 | t       |     2
      5 | f       |     5
      5 | t       |     5
      6 | f       |     1
      6 | t       |     3
      7 | f       |    59
      7 | t       |   320
      8 | t       |     1
      9 | f       |    54
      9 | t       |   312
(19 rows)

exps - INFO - 
PERFORMANCE FOR Threshold 0.5
exps - INFO - Precision: 0.843421052632
exps - INFO - Recall: 0.706725468578
exps - INFO - Acc: 0.949208443272
exps - INFO - F1: 0.769046190762
exps - INFO - 
PERFORMANCE FOR Threshold 0.7
exps - INFO - Precision: 0.848525469169
exps - INFO - Recall: 0.697905181918
exps - INFO - Acc: 0.948944591029
exps - INFO - F1: 0.765880217786
exps - INFO - 
PERFORMANCE FOR Threshold 0.9
exps - INFO - Precision: 0.852459016393
exps - INFO - Recall: 0.343991179713
exps - INFO - Acc: 0.91437994723
exps - INFO - F1: 0.49018067557
exps - DEBUG - EVALUATE ASSIGNMENTS TO FALSE (threshold 0.5)
    ?column?    | is_true | count 
----------------+---------+-------
 Assigned False | f       |  6554
 Assigned False | t       |   266
(2 rows)

exps - DEBUG - EVALUATE ASSIGNMENTS TO TRUE (threshold 0.5)
   ?column?    | is_true | count 
---------------+---------+-------
 Assigned True | f       |   119
 Assigned True | t       |   641
(2 rows)

exps - DEBUG - EVALUATE ASSIGNMENTS TO FALSE (threshold 0.3)
    ?column?    | is_true | count 
----------------+---------+-------
 Assigned False | f       |  6543
 Assigned False | t       |   259
(2 rows)

exps - DEBUG - EVALUATE ASSIGNMENTS TO TRUE (threshold 0.7)
   ?column?    | is_true | count 
---------------+---------+-------
 Assigned True | f       |   113
 Assigned True | t       |   633
(2 rows)

exps - DEBUG - EVALUATE ASSIGNMENTS TO FALSE (threshold 0.1)
    ?column?    | is_true | count 
----------------+---------+-------
 Assigned False | f       |  3383
 Assigned False | t       |   138
(2 rows)

exps - DEBUG - EVALUATE ASSIGNMENTS TO TRUE (threshold 0.9)
   ?column?    | is_true | count 
---------------+---------+-------
 Assigned True | f       |    54
 Assigned True | t       |   312
(2 rows)

exps - INFO - END experiments: WITH FEATURES
