exps - INFO - EXPERIMENTS: SOURCES ONLY
exps - INFO - USING HOLDOUT 0.95
exps - INFO - START experiments: SOURCES ONLY w. HOLDOUT 0.95
exps - INFO - Initializing and cleaning DD
exps - INFO - DONE
exps - INFO - DONE running SOURCES ONLY. Total run time = 401.87 secs
exps - DEBUG - PRINT results: SOURCES ONLY
exps - INFO - ACCURACY ESTIMATION ERROR:
    ?column?     
-----------------
 0.3719034390171
(1 row)

exps - DEBUG - BUCKETS:
 bucket | is_true | count 
--------+---------+-------
      0 | f       |  6129
      0 | t       |   229
      1 | f       |    13
      1 | t       |     6
      2 | f       |   123
      2 | t       |     7
      4 | f       |     1
      5 | t       |     3
      6 | f       |     2
      6 | t       |     5
      7 | f       |    94
      7 | t       |   603
      9 | t       |     6
(13 rows)

exps - INFO - 
PERFORMANCE FOR Threshold 0.5
exps - INFO - Precision: 0.865357643759
exps - INFO - Recall: 0.718277066356
exps - INFO - Acc: 0.953192078659
exps - INFO - F1: 0.784987277354
exps - INFO - 
PERFORMANCE FOR Threshold 0.7
exps - INFO - Precision: 0.866287339972
exps - INFO - Recall: 0.708963911525
exps - INFO - Acc: 0.952361168813
exps - INFO - F1: 0.779769526248
exps - INFO - Problem with confusion matrix
exps - DEBUG - EVALUATE ASSIGNMENTS TO FALSE (threshold 0.5)
    ?column?    | is_true | count 
----------------+---------+-------
 Assigned False | f       |  6266
 Assigned False | t       |   242
(2 rows)

exps - DEBUG - EVALUATE ASSIGNMENTS TO TRUE (threshold 0.5)
   ?column?    | is_true | count 
---------------+---------+-------
 Assigned True | f       |    96
 Assigned True | t       |   617
(2 rows)

exps - DEBUG - EVALUATE ASSIGNMENTS TO FALSE (threshold 0.3)
    ?column?    | is_true | count 
----------------+---------+-------
 Assigned False | f       |  6265
 Assigned False | t       |   242
(2 rows)

exps - DEBUG - EVALUATE ASSIGNMENTS TO TRUE (threshold 0.7)
   ?column?    | is_true | count 
---------------+---------+-------
 Assigned True | f       |    94
 Assigned True | t       |   609
(2 rows)

exps - DEBUG - EVALUATE ASSIGNMENTS TO FALSE (threshold 0.1)
    ?column?    | is_true | count 
----------------+---------+-------
 Assigned False | f       |  6129
 Assigned False | t       |   229
(2 rows)

exps - DEBUG - EVALUATE ASSIGNMENTS TO TRUE (threshold 0.9)
   ?column?    | is_true | count 
---------------+---------+-------
 Assigned True | t       |     6
(1 row)

exps - INFO - END experiments: SOURCES ONLY
exps - INFO - USING HOLDOUT 0.8
exps - INFO - START experiments: SOURCES ONLY w. HOLDOUT 0.8
exps - INFO - Initializing and cleaning DD
exps - INFO - DONE
exps - INFO - DONE running SOURCES ONLY. Total run time = 416.42 secs
exps - DEBUG - PRINT results: SOURCES ONLY
exps - INFO - ACCURACY ESTIMATION ERROR:
     ?column?      
-------------------
 0.371117090127291
(1 row)

exps - DEBUG - BUCKETS:
 bucket | is_true | count 
--------+---------+-------
      0 | f       |  5538
      0 | t       |   207
      1 | f       |     3
      1 | t       |     2
      2 | f       |    59
      2 | t       |     5
      3 | f       |     1
      3 | t       |     5
      4 | t       |     1
      5 | f       |     1
      5 | t       |     3
      6 | f       |     1
      6 | t       |     3
      7 | f       |    78
      7 | t       |   545
      9 | t       |     1
(16 rows)

exps - INFO - 
PERFORMANCE FOR Threshold 0.5
exps - INFO - Precision: 0.873417721519
exps - INFO - Recall: 0.715025906736
exps - INFO - Acc: 0.953509995351
exps - INFO - F1: 0.786324786325
exps - INFO - 
PERFORMANCE FOR Threshold 0.7
exps - INFO - Precision: 0.875
exps - INFO - Recall: 0.70725388601
exps - INFO - Acc: 0.952890128622
exps - INFO - F1: 0.78223495702
exps - INFO - Problem with confusion matrix
exps - DEBUG - EVALUATE ASSIGNMENTS TO FALSE (threshold 0.5)
    ?column?    | is_true | count 
----------------+---------+-------
 Assigned False | f       |  5601
 Assigned False | t       |   220
(2 rows)

exps - DEBUG - EVALUATE ASSIGNMENTS TO TRUE (threshold 0.5)
   ?column?    | is_true | count 
---------------+---------+-------
 Assigned True | f       |    80
 Assigned True | t       |   552
(2 rows)

exps - DEBUG - EVALUATE ASSIGNMENTS TO FALSE (threshold 0.3)
    ?column?    | is_true | count 
----------------+---------+-------
 Assigned False | f       |  5600
 Assigned False | t       |   214
(2 rows)

exps - DEBUG - EVALUATE ASSIGNMENTS TO TRUE (threshold 0.7)
   ?column?    | is_true | count 
---------------+---------+-------
 Assigned True | f       |    78
 Assigned True | t       |   546
(2 rows)

exps - DEBUG - EVALUATE ASSIGNMENTS TO FALSE (threshold 0.1)
    ?column?    | is_true | count 
----------------+---------+-------
 Assigned False | f       |  5538
 Assigned False | t       |   207
(2 rows)

exps - DEBUG - EVALUATE ASSIGNMENTS TO TRUE (threshold 0.9)
   ?column?    | is_true | count 
---------------+---------+-------
 Assigned True | t       |     1
(1 row)

exps - INFO - END experiments: SOURCES ONLY
exps - INFO - USING HOLDOUT 0.6
exps - INFO - START experiments: SOURCES ONLY w. HOLDOUT 0.6
exps - INFO - Initializing and cleaning DD
exps - INFO - DONE
exps - INFO - DONE running SOURCES ONLY. Total run time = 411.8 secs
exps - DEBUG - PRINT results: SOURCES ONLY
exps - INFO - ACCURACY ESTIMATION ERROR:
     ?column?      
-------------------
 0.353601506945102
(1 row)

exps - DEBUG - BUCKETS:
 bucket | is_true | count 
--------+---------+-------
      0 | f       |  4246
      0 | t       |   159
      1 | t       |     1
      2 | f       |    30
      2 | t       |     1
      4 | f       |     2
      4 | t       |     1
      5 | f       |     1
      5 | t       |     1
      6 | t       |     1
      7 | f       |    58
      7 | t       |   416
      9 | t       |     4
(13 rows)

exps - INFO - 
PERFORMANCE FOR Threshold 0.5
exps - INFO - Precision: 0.877338877339
exps - INFO - Recall: 0.722602739726
exps - INFO - Acc: 0.955090428775
exps - INFO - F1: 0.792488262911
exps - INFO - 
PERFORMANCE FOR Threshold 0.7
exps - INFO - Precision: 0.878661087866
exps - INFO - Recall: 0.719178082192
exps - INFO - Acc: 0.954887218045
exps - INFO - F1: 0.790960451977
exps - INFO - Problem with confusion matrix
exps - DEBUG - EVALUATE ASSIGNMENTS TO FALSE (threshold 0.5)
    ?column?    | is_true | count 
----------------+---------+-------
 Assigned False | f       |  4278
 Assigned False | t       |   162
(2 rows)

exps - DEBUG - EVALUATE ASSIGNMENTS TO TRUE (threshold 0.5)
   ?column?    | is_true | count 
---------------+---------+-------
 Assigned True | f       |    59
 Assigned True | t       |   422
(2 rows)

exps - DEBUG - EVALUATE ASSIGNMENTS TO FALSE (threshold 0.3)
    ?column?    | is_true | count 
----------------+---------+-------
 Assigned False | f       |  4276
 Assigned False | t       |   161
(2 rows)

exps - DEBUG - EVALUATE ASSIGNMENTS TO TRUE (threshold 0.7)
   ?column?    | is_true | count 
---------------+---------+-------
 Assigned True | f       |    58
 Assigned True | t       |   420
(2 rows)

exps - DEBUG - EVALUATE ASSIGNMENTS TO FALSE (threshold 0.1)
    ?column?    | is_true | count 
----------------+---------+-------
 Assigned False | f       |  4246
 Assigned False | t       |   159
(2 rows)

exps - DEBUG - EVALUATE ASSIGNMENTS TO TRUE (threshold 0.9)
   ?column?    | is_true | count 
---------------+---------+-------
 Assigned True | t       |     4
(1 row)

exps - INFO - END experiments: SOURCES ONLY
exps - INFO - USING HOLDOUT 0.4
exps - INFO - START experiments: SOURCES ONLY w. HOLDOUT 0.4
exps - INFO - Initializing and cleaning DD
exps - INFO - DONE
exps - INFO - DONE running SOURCES ONLY. Total run time = 379.39 secs
exps - DEBUG - PRINT results: SOURCES ONLY
exps - INFO - ACCURACY ESTIMATION ERROR:
     ?column?      
-------------------
 0.350707979794086
(1 row)

exps - DEBUG - BUCKETS:
 bucket | is_true | count 
--------+---------+-------
      0 | f       |  2941
      0 | t       |   107
      1 | f       |     1
      1 | t       |     2
      2 | f       |    29
      2 | t       |     1
      3 | t       |     1
      5 | t       |     1
      6 | f       |     1
      6 | t       |     3
      7 | f       |    38
      7 | t       |   292
      9 | t       |     2
(13 rows)

exps - INFO - 
PERFORMANCE FOR Threshold 0.5
exps - INFO - Precision: 0.884272997033
exps - INFO - Recall: 0.728606356968
exps - INFO - Acc: 0.956127522667
exps - INFO - F1: 0.798927613941
exps - INFO - 
PERFORMANCE FOR Threshold 0.7
exps - INFO - Precision: 0.885542168675
exps - INFO - Recall: 0.718826405868
exps - INFO - Acc: 0.955250073121
exps - INFO - F1: 0.793522267206
exps - INFO - Problem with confusion matrix
exps - DEBUG - EVALUATE ASSIGNMENTS TO FALSE (threshold 0.5)
    ?column?    | is_true | count 
----------------+---------+-------
 Assigned False | f       |  2971
 Assigned False | t       |   111
(2 rows)

exps - DEBUG - EVALUATE ASSIGNMENTS TO TRUE (threshold 0.5)
   ?column?    | is_true | count 
---------------+---------+-------
 Assigned True | f       |    39
 Assigned True | t       |   298
(2 rows)

exps - DEBUG - EVALUATE ASSIGNMENTS TO FALSE (threshold 0.3)
    ?column?    | is_true | count 
----------------+---------+-------
 Assigned False | f       |  2971
 Assigned False | t       |   110
(2 rows)

exps - DEBUG - EVALUATE ASSIGNMENTS TO TRUE (threshold 0.7)
   ?column?    | is_true | count 
---------------+---------+-------
 Assigned True | f       |    38
 Assigned True | t       |   294
(2 rows)

exps - DEBUG - EVALUATE ASSIGNMENTS TO FALSE (threshold 0.1)
    ?column?    | is_true | count 
----------------+---------+-------
 Assigned False | f       |  2941
 Assigned False | t       |   107
(2 rows)

exps - DEBUG - EVALUATE ASSIGNMENTS TO TRUE (threshold 0.9)
   ?column?    | is_true | count 
---------------+---------+-------
 Assigned True | t       |     2
(1 row)

exps - INFO - END experiments: SOURCES ONLY
exps - INFO - USING HOLDOUT 0.2
exps - INFO - START experiments: SOURCES ONLY w. HOLDOUT 0.2
exps - INFO - Initializing and cleaning DD
exps - INFO - DONE
exps - INFO - DONE running SOURCES ONLY. Total run time = 356.04 secs
exps - DEBUG - PRINT results: SOURCES ONLY
exps - INFO - ACCURACY ESTIMATION ERROR:
     ?column?      
-------------------
 0.349735314798983
(1 row)

exps - DEBUG - BUCKETS:
 bucket | is_true | count 
--------+---------+-------
      0 | f       |  1620
      0 | t       |    61
      2 | f       |     5
      3 | f       |     1
      3 | t       |     1
      4 | t       |     1
      5 | t       |     1
      6 | f       |     1
      6 | t       |     4
      7 | f       |    24
      7 | t       |   159
(11 rows)

exps - INFO - 
PERFORMANCE FOR Threshold 0.5
exps - INFO - Precision: 0.867724867725
exps - INFO - Recall: 0.722466960352
exps - INFO - Acc: 0.953141640043
exps - INFO - F1: 0.788461538462
exps - INFO - 
PERFORMANCE FOR Threshold 0.7
exps - INFO - Precision: 0.868852459016
exps - INFO - Recall: 0.700440528634
exps - INFO - Acc: 0.95101171459
exps - INFO - F1: 0.775609756098
exps - INFO - Problem with confusion matrix
exps - DEBUG - EVALUATE ASSIGNMENTS TO FALSE (threshold 0.5)
    ?column?    | is_true | count 
----------------+---------+-------
 Assigned False | f       |  1626
 Assigned False | t       |    63
(2 rows)

exps - DEBUG - EVALUATE ASSIGNMENTS TO TRUE (threshold 0.5)
   ?column?    | is_true | count 
---------------+---------+-------
 Assigned True | f       |    25
 Assigned True | t       |   164
(2 rows)

exps - DEBUG - EVALUATE ASSIGNMENTS TO FALSE (threshold 0.3)
    ?column?    | is_true | count 
----------------+---------+-------
 Assigned False | f       |  1625
 Assigned False | t       |    61
(2 rows)

exps - DEBUG - EVALUATE ASSIGNMENTS TO TRUE (threshold 0.7)
   ?column?    | is_true | count 
---------------+---------+-------
 Assigned True | f       |    24
 Assigned True | t       |   159
(2 rows)

exps - DEBUG - EVALUATE ASSIGNMENTS TO FALSE (threshold 0.1)
    ?column?    | is_true | count 
----------------+---------+-------
 Assigned False | f       |  1620
 Assigned False | t       |    61
(2 rows)

exps - DEBUG - EVALUATE ASSIGNMENTS TO TRUE (threshold 0.9)
 ?column? | is_true | count 
----------+---------+-------
(0 rows)

exps - INFO - END experiments: SOURCES ONLY
exps - INFO - USING HOLDOUT 0.1
exps - INFO - START experiments: SOURCES ONLY w. HOLDOUT 0.1
exps - INFO - Initializing and cleaning DD
exps - INFO - DONE
exps - INFO - DONE running SOURCES ONLY. Total run time = 467.24 secs
exps - DEBUG - PRINT results: SOURCES ONLY
exps - INFO - ACCURACY ESTIMATION ERROR:
     ?column?      
-------------------
 0.362481339148936
(1 row)

exps - DEBUG - BUCKETS:
 bucket | is_true | count 
--------+---------+-------
      0 | f       |   960
      0 | t       |    38
      2 | f       |     2
      3 | f       |     1
      3 | t       |     1
      7 | f       |    10
      7 | t       |    98
      9 | t       |     1
(8 rows)

exps - INFO - 
PERFORMANCE FOR Threshold 0.5
exps - INFO - Precision: 0.908256880734
exps - INFO - Recall: 0.717391304348
exps - INFO - Acc: 0.955895589559
exps - INFO - F1: 0.801619433198
exps - INFO - 
PERFORMANCE FOR Threshold 0.7
exps - INFO - Precision: 0.908256880734
exps - INFO - Recall: 0.717391304348
exps - INFO - Acc: 0.955895589559
exps - INFO - F1: 0.801619433198
exps - INFO - Problem with confusion matrix
exps - DEBUG - EVALUATE ASSIGNMENTS TO FALSE (threshold 0.5)
    ?column?    | is_true | count 
----------------+---------+-------
 Assigned False | f       |   963
 Assigned False | t       |    39
(2 rows)

exps - DEBUG - EVALUATE ASSIGNMENTS TO TRUE (threshold 0.5)
   ?column?    | is_true | count 
---------------+---------+-------
 Assigned True | f       |    10
 Assigned True | t       |    99
(2 rows)

exps - DEBUG - EVALUATE ASSIGNMENTS TO FALSE (threshold 0.3)
    ?column?    | is_true | count 
----------------+---------+-------
 Assigned False | f       |   962
 Assigned False | t       |    38
(2 rows)

exps - DEBUG - EVALUATE ASSIGNMENTS TO TRUE (threshold 0.7)
   ?column?    | is_true | count 
---------------+---------+-------
 Assigned True | f       |    10
 Assigned True | t       |    99
(2 rows)

exps - DEBUG - EVALUATE ASSIGNMENTS TO FALSE (threshold 0.1)
    ?column?    | is_true | count 
----------------+---------+-------
 Assigned False | f       |   960
 Assigned False | t       |    38
(2 rows)

exps - DEBUG - EVALUATE ASSIGNMENTS TO TRUE (threshold 0.9)
   ?column?    | is_true | count 
---------------+---------+-------
 Assigned True | t       |     1
(1 row)

exps - INFO - END experiments: SOURCES ONLY
exps - INFO - EXPERIMENTS: WITH FEATURES
exps - INFO - USING HOLDOUT 0.95
exps - INFO - START experiments: WITH FEATURES ONLY w. HOLDOUT 0.95
exps - INFO - Initializing and cleaning DD
exps - INFO - DONE
exps - INFO - DONE running WITH FEATURES. Total run time = 1963.5 secs
exps - DEBUG - PRINT results: WITH FEATURES
exps - INFO - ACCURACY ESTIMATION ERROR:
     ?column?      
-------------------
 0.321863912018078
(1 row)

exps - DEBUG - SELECTED FEATURES W. WEIGHTS:
              feature              |   weight    
-----------------------------------+-------------
 Search Visits=10.0                |     1.63705
 Daily Page Views Per Visitor=2.9  |     1.62869
 Daily Page Views Per Visitor=3.3  |     1.24881
 Bounce Rate=73.0                  |     1.12662
 Daily Time on Site=188            |     1.03453
 Daily Page Views Per Visitor=2.05 |    0.976192
 Daily Page Views Per Visitor=2.76 |    0.955488
 Daily Page Views Per Visitor=2.8  |     0.81153
 Daily Page Views Per Visitor=2.09 |     0.41276
 Search Visits=9.8                 |    0.392438
 Country Rank=4302                 |     0.38879
 Country Rank=41674                |    0.387271
 Daily Time on Site=102            |    0.386928
 Bounce Rate=12.6                  |    0.378345
 Total Sites Linking In=1800       |    0.377579
 Daily Page Views Per Visitor=2.5  |    0.377415
 Bounce Rate=63.6                  |    0.375284
 Daily Page Views Per Visitor=2.6  |    0.374397
 Search Visits=19.9                |    0.360669
 Search Visits=5.5                 |    0.352518
 Country Rank=5022                 |    0.349188
 Total Sites Linking In=3005       |    0.346124
 Rank=69898                        |    0.339704
 Bounce Rate=50.2                  |    0.337332
 Daily Page Views Per Visitor=8.14 |    0.331849
 Daily Time on Site=149            |    0.331432
 Total Sites Linking In=1965       |    0.330673
 Total Sites Linking In=94124      |    0.327908
 Daily Time on Site=310            |     0.32719
 Daily Page Views Per Visitor=1.62 |    0.327018
 Country Rank=13638                |    0.326964
 Search Visits=13.3                |     0.32646
 Daily Time on Site=480            |    0.325097
 Daily Page Views Per Visitor=2.1  |    0.323739
 Country Rank=34796                |    0.319561
 Rank=4857                         |    0.318011
 Rank=14526                        |    0.316821
 Total Sites Linking In=4272       |    0.315033
 Daily Time on Site=350            |     0.30991
 Search Visits=8.1                 |    0.306683
 Total Sites Linking In=5932       |    0.304813
 Rank=126196                       |    0.304595
 Search Visits=3.2                 |    0.304269
 Daily Time on Site=451            |     0.30229
 Country Rank=1784                 |    0.301429
 Bounce Rate=47.9                  |    0.295195
 Bounce Rate=25.2                  |    0.293112
 Search Visits=29.3                |    0.289818
 Total Sites Linking In=11276      |    0.289296
 Total Sites Linking In=1900       |    0.288135
 Rank=23525                        |    0.287361
 Total Sites Linking In=4425       |    0.285452
 Country Rank=109407               |     0.27998
 Country Rank=2415                 |    0.278386
 Country Rank=537016               |    0.272099
 Total Sites Linking In=3975       |    0.271887
 Search Visits=21.0                |    0.271139
 Daily Page Views Per Visitor=3.46 |     0.27107
 Daily Time on Site=828            |    0.268907
 Country Rank=123                  |    0.268625
 Daily Page Views Per Visitor=1.46 |    0.268371
 Total Sites Linking In=3643       |    0.268281
 Daily Time on Site=198            |     0.26794
 Rank=91285                        |    0.266978
 Country Rank=93                   |     0.26697
 Daily Page Views Per Visitor=1.3  |    0.262388
 Total Sites Linking In=2514       |    0.262017
 Bounce Rate=48.5                  |    0.261459
 Rank=631                          |    0.260466
 Rank=5517                         |    0.257217
 Search Visits=15.8                |    0.255147
 Bounce Rate=69.0                  |    0.254992
 Daily Page Views Per Visitor=6.65 |    0.252509
 Daily Page Views Per Visitor=1.82 |    0.250952
 Bounce Rate=41.5                  |      0.2505
 Rank=6972                         |    0.249345
 Search Visits=4.9                 |    0.247918
 Search Visits=18.4                |    0.242965
 Daily Time on Site=122            |     0.23988
 Country Rank=1984                 |    0.239433
 Rank=166                          |    0.237295
 Rank=80601                        |    0.237228
 Search Visits=11.0                |    0.234643
 Daily Page Views Per Visitor=1.89 |    0.233279
 Daily Page Views Per Visitor=2.4  |    0.230031
 Rank=8778                         |    0.229604
 Rank=27369                        |    0.227483
 Search Visits=10.6                |    0.225989
 Bounce Rate=78.4                  |    0.223533
 Daily Time on Site=109            |    0.222431
 Rank=1255421                      |    0.219529
 Search Visits=23.8                |    0.218541
 Bounce Rate=47.0                  |    0.217653
 Daily Time on Site=173            |    0.216832
 Bounce Rate=66.4                  |    0.216309
 Total Sites Linking In=17363      |    0.215168
 Country Rank=718                  |    0.213191
 Bounce Rate=21.0                  |    0.211941
 Total Sites Linking In=174111     |    0.203667
 Country Rank=291897               |     0.20146
 Daily Page Views Per Visitor=1.61 |    0.198369
 Search Visits=5.4                 |    0.197625
 Country Rank=47998                |    0.193592
 Bounce Rate=30.4                  |    0.193583
 Daily Time on Site=189            |    0.190444
 Total Sites Linking In=10803      |    0.188738
 Country Rank=613                  |    0.188398
 Daily Page Views Per Visitor=4.13 |    0.184695
 Rank=702                          |    0.182327
 Total Sites Linking In=8904       |    0.179138
 Search Visits=23.9                |     0.17798
 Bounce Rate=55.4                  |    0.175811
 Daily Time on Site=324            |    0.175475
 Search Visits=24.0                |    0.173697
 Daily Time on Site=258            |    0.173568
 Total Sites Linking In=738        |    0.173348
 Country Rank=70                   |    0.168268
 Daily Page Views Per Visitor=1.4  |    0.166808
 Rank=7387                         |    0.166554
 Daily Time on Site=194            |    0.165192
 Daily Page Views Per Visitor=4.8  |    0.161417
 Total Sites Linking In=50232      |    0.158091
 Country Rank=262                  |    0.157215
 Search Visits=7.7                 |    0.154885
 Bounce Rate=77.1                  |     0.15483
 Rank=635815                       |    0.152784
 Search Visits=5.7                 |    0.151978
 Bounce Rate=70.2                  |    0.151717
 Rank=2476                         |    0.147782
 Search Visits=12.4                |    0.143318
 Daily Page Views Per Visitor=2.2  |    0.141863
 Country Rank=2914                 |     0.14122
 Search Visits=8.6                 |    0.139197
 Search Visits=14.1                |    0.137568
 Country Rank=2088                 |    0.137025
 Country Rank=343                  |    0.135682
 Total Sites Linking In=42356      |    0.135028
 Daily Time on Site=295            |    0.134489
 Bounce Rate=71.1                  |    0.133889
 Rank=4128                         |     0.13377
 Daily Page Views Per Visitor=10.2 |    0.133654
 Bounce Rate=33.9                  |    0.132226
 Bounce Rate=61.1                  |    0.129491
 Daily Page Views Per Visitor=4.1  |    0.128432
 Daily Time on Site=845            |    0.126915
 Bounce Rate=67.3                  |    0.122917
 Country Rank=7012                 |    0.122019
 Bounce Rate=37.0                  |    0.121898
 Daily Time on Site=464            |    0.121074
 Rank=207                          |    0.121036
 Total Sites Linking In=73         |    0.120222
 Search Visits=10.4                |    0.115647
 Search Visits=9.7                 |    0.111518
 Total Sites Linking In=99         |    0.110892
 Daily Time on Site=238            |    0.109566
 Daily Time on Site=163            |    0.109555
 Country Rank=2850                 |    0.108291
 Daily Time on Site=202            |    0.106585
 Bounce Rate=30.7                  |    0.103483
 Total Sites Linking In=29811      |    0.101081
 Bounce Rate=42.6                  |    0.100089
 Total Sites Linking In=14475      |    0.097546
 Bounce Rate=36.7                  |    0.094292
 Daily Page Views Per Visitor=1.7  |   0.0939584
 Country Rank=253636               |    0.093209
 Rank=128250                       |   0.0886778
 Daily Time on Site=344            |   0.0879761
 Country Rank=596                  |   0.0868978
 Bounce Rate=52.6                  |    0.086124
 Total Sites Linking In=4325       |    0.085278
 Rank=384054                       |    0.081896
 Bounce Rate=38.2                  |   0.0818656
 Daily Time on Site=302            |   0.0816422
 Search Visits=26.3                |   0.0785686
 Search Visits=12.8                |   0.0781184
 Daily Time on Site=197            |   0.0780843
 Search Visits=9.0                 |    0.071979
 Bounce Rate=58.3                  |   0.0690384
 Total Sites Linking In=278        |   0.0685274
 Daily Page Views Per Visitor=1.5  |   0.0679021
 Rank=241053                       |   0.0636237
 Daily Time on Site=42             |   0.0633504
 Rank=8776                         |   0.0616693
 Country Rank=13400                |    0.060416
 Total Sites Linking In=290        |   0.0599043
 Country Rank=53822                |   0.0561063
 Country Rank=1778                 |   0.0494057
 Rank=9860                         |   0.0485978
 Daily Time on Site=878            |   0.0410345
 Rank=221824                       |   0.0405381
 Country Rank=22530                |   0.0404555
 Search Visits=7.9                 |   0.0401355
 Total Sites Linking In=659        |   0.0388649
 Daily Page Views Per Visitor=1.0  |   0.0360635
 Bounce Rate=57.2                  |   0.0331971
 Search Visits=14.2                |   0.0310704
 Daily Time on Site=178            |   0.0294394
 Total Sites Linking In=168        |   0.0283401
 Total Sites Linking In=411        |   0.0132693
 Rank=2095                         |   0.0103006
 Rank=5447555                      |  0.00901561
 Bounce Rate=80.0                  |  0.00714165
 Rank=664                          | -0.00174282
 Bounce Rate=45.9                  | -0.00280182
 Total Sites Linking In=15838      |  -0.0130198
 Daily Time on Site=199            |  -0.0200899
 Daily Time on Site=621            |  -0.0233439
 Rank=1301                         |  -0.0245645
 Daily Time on Site=171            |  -0.0282178
 Total Sites Linking In=615        |  -0.0292857
 Bounce Rate=68.3                  |   -0.029692
 Total Sites Linking In=1712       |  -0.0328572
 Total Sites Linking In=231576     |  -0.0342728
 Country Rank=36950                |  -0.0390756
 Search Visits=7.8                 |  -0.0394935
 Country Rank=22                   |   -0.051802
 Rank=198145                       |  -0.0543418
 Rank=77                           |  -0.0582346
 Daily Time on Site=317            |  -0.0620861
 Country Rank=375                  |   -0.069447
 Search Visits=10.8                |  -0.0730524
 Rank=120287                       |  -0.0778184
(222 rows)

exps - DEBUG - BUCKETS:
 bucket | is_true | count 
--------+---------+-------
      0 | f       |  3473
      0 | t       |   127
      1 | f       |     1
      1 | t       |     2
      2 | f       |  2745
      2 | t       |   112
      3 | t       |     5
      4 | t       |     8
      5 | f       |     1
      5 | t       |     2
      6 | f       |     3
      6 | t       |     2
      7 | f       |    46
      7 | t       |   316
      8 | t       |     1
      9 | f       |    39
      9 | t       |   280
(17 rows)

exps - INFO - 
PERFORMANCE FOR Threshold 0.7
exps - INFO - Precision: 0.871014492754
exps - INFO - Recall: 0.702923976608
exps - INFO - Acc: 0.9521150356
exps - INFO - F1: 0.777993527508
exps - INFO - 
PERFORMANCE FOR Threshold 0.7
exps - INFO - Precision: 0.875366568915
exps - INFO - Recall: 0.698245614035
exps - INFO - Acc: 0.9521150356
exps - INFO - F1: 0.776837996096
exps - INFO - 
PERFORMANCE FOR Threshold 0.7
exps - INFO - Precision: 0.877742946708
exps - INFO - Recall: 0.327485380117
exps - INFO - Acc: 0.914281725534
exps - INFO - F1: 0.477001703578
exps - DEBUG - EVALUATE ASSIGNMENTS TO FALSE (threshold 0.5)
    ?column?    | is_true | count 
----------------+---------+-------
 Assigned False | f       |  6219
 Assigned False | t       |   254
(2 rows)

exps - DEBUG - EVALUATE ASSIGNMENTS TO TRUE (threshold 0.5)
   ?column?    | is_true | count 
---------------+---------+-------
 Assigned True | f       |    89
 Assigned True | t       |   601
(2 rows)

exps - DEBUG - EVALUATE ASSIGNMENTS TO FALSE (threshold 0.3)
    ?column?    | is_true | count 
----------------+---------+-------
 Assigned False | f       |  6219
 Assigned False | t       |   241
(2 rows)

exps - DEBUG - EVALUATE ASSIGNMENTS TO TRUE (threshold 0.7)
   ?column?    | is_true | count 
---------------+---------+-------
 Assigned True | f       |    85
 Assigned True | t       |   597
(2 rows)

exps - DEBUG - EVALUATE ASSIGNMENTS TO FALSE (threshold 0.1)
    ?column?    | is_true | count 
----------------+---------+-------
 Assigned False | f       |  3473
 Assigned False | t       |   127
(2 rows)

exps - DEBUG - EVALUATE ASSIGNMENTS TO TRUE (threshold 0.9)
   ?column?    | is_true | count 
---------------+---------+-------
 Assigned True | f       |    39
 Assigned True | t       |   280
(2 rows)

exps - INFO - END experiments: WITH FEATURES
exps - INFO - USING HOLDOUT 0.8
exps - INFO - START experiments: WITH FEATURES ONLY w. HOLDOUT 0.8
exps - INFO - Initializing and cleaning DD
exps - INFO - DONE
exps - INFO - DONE running WITH FEATURES. Total run time = 1857.24 secs
exps - DEBUG - PRINT results: WITH FEATURES
exps - INFO - ACCURACY ESTIMATION ERROR:
     ?column?      
-------------------
 0.243881235162593
(1 row)

exps - DEBUG - SELECTED FEATURES W. WEIGHTS:
              feature              |    weight    
-----------------------------------+--------------
 Search Visits=10.0                |      1.14783
 Daily Page Views Per Visitor=2.76 |      1.05116
 Daily Page Views Per Visitor=2.9  |     0.977916
 Bounce Rate=73.0                  |      0.92172
 Daily Page Views Per Visitor=2.05 |     0.822688
 Daily Page Views Per Visitor=3.3  |     0.799184
 Daily Time on Site=188            |     0.756869
 Bounce Rate=12.6                  |      0.45336
 Search Visits=5.5                 |     0.405724
 Country Rank=2415                 |     0.402309
 Daily Time on Site=109            |     0.397956
 Bounce Rate=78.4                  |     0.374206
 Rank=635815                       |     0.372994
 Daily Time on Site=198            |     0.371731
 Rank=631                          |     0.367725
 Daily Page Views Per Visitor=2.09 |     0.362168
 Daily Page Views Per Visitor=8.14 |      0.35939
 Daily Page Views Per Visitor=6.65 |     0.356409
 Daily Time on Site=451            |     0.351575
 Total Sites Linking In=5932       |     0.335814
 Search Visits=21.0                |     0.334145
 Daily Page Views Per Visitor=2.5  |      0.33225
 Country Rank=13638                |     0.331414
 Rank=8778                         |     0.326702
 Total Sites Linking In=3005       |     0.323729
 Daily Time on Site=102            |     0.314504
 Search Visits=23.8                |      0.30522
 Total Sites Linking In=3643       |      0.29781
 Search Visits=29.3                |     0.292451
 Search Visits=13.3                |      0.29224
 Bounce Rate=50.2                  |     0.291263
 Bounce Rate=63.6                  |     0.289932
 Bounce Rate=21.0                  |     0.289094
 Rank=166                          |     0.287816
 Country Rank=291897               |     0.284183
 Country Rank=70                   |     0.282184
 Total Sites Linking In=11276      |     0.279869
 Country Rank=47998                |     0.278629
 Rank=126196                       |     0.277227
 Country Rank=7012                 |     0.277137
 Country Rank=596                  |     0.276787
 Daily Page Views Per Visitor=2.8  |     0.275306
 Total Sites Linking In=1900       |     0.270966
 Daily Page Views Per Visitor=1.62 |     0.269499
 Search Visits=15.8                |     0.266295
 Rank=4857                         |     0.263784
 Search Visits=10.4                |     0.259439
 Country Rank=123                  |     0.258214
 Total Sites Linking In=1965       |     0.258212
 Bounce Rate=47.0                  |     0.254742
 Daily Time on Site=480            |     0.254347
 Total Sites Linking In=174111     |     0.250284
 Daily Page Views Per Visitor=1.82 |     0.242314
 Total Sites Linking In=4425       |     0.242014
 Rank=23525                        |     0.239951
 Daily Time on Site=42             |      0.23348
 Total Sites Linking In=73         |     0.229424
 Bounce Rate=58.3                  |     0.225126
 Daily Time on Site=202            |     0.224433
 Daily Time on Site=194            |     0.224181
 Rank=69898                        |     0.223169
 Daily Time on Site=258            |      0.21714
 Bounce Rate=33.9                  |     0.214999
 Country Rank=41674                |     0.214196
 Country Rank=1984                 |      0.20939
 Daily Time on Site=238            |     0.208636
 Total Sites Linking In=4272       |      0.19959
 Country Rank=34796                |     0.199578
 Rank=221824                       |     0.199472
 Bounce Rate=67.3                  |     0.197404
 Daily Time on Site=828            |     0.196748
 Daily Page Views Per Visitor=1.46 |     0.191364
 Search Visits=10.6                |     0.190695
 Country Rank=718                  |     0.187598
 Daily Page Views Per Visitor=1.89 |     0.186581
 Total Sites Linking In=14475      |     0.184402
 Daily Page Views Per Visitor=3.46 |     0.179354
 Bounce Rate=48.5                  |     0.178559
 Daily Page Views Per Visitor=2.6  |     0.175458
 Daily Page Views Per Visitor=1.4  |     0.173795
 Bounce Rate=66.4                  |     0.173718
 Search Visits=19.9                |      0.17364
 Country Rank=4302                 |     0.171625
 Search Visits=4.9                 |     0.170441
 Search Visits=7.8                 |     0.168867
 Rank=80601                        |     0.168768
 Total Sites Linking In=659        |     0.168685
 Total Sites Linking In=2514       |     0.164779
 Daily Page Views Per Visitor=2.1  |     0.160859
 Daily Page Views Per Visitor=2.4  |     0.160056
 Total Sites Linking In=1800       |     0.159659
 Daily Page Views Per Visitor=1.0  |     0.159631
 Rank=6972                         |     0.159228
 Bounce Rate=71.1                  |     0.156162
 Bounce Rate=69.0                  |     0.154102
 Country Rank=537016               |     0.153275
 Country Rank=613                  |     0.149545
 Daily Time on Site=878            |     0.148458
 Search Visits=23.9                |     0.147718
 Country Rank=22530                |     0.146903
 Search Visits=3.2                 |     0.145207
 Bounce Rate=42.6                  |     0.144436
 Rank=5517                         |     0.144409
 Total Sites Linking In=738        |     0.140792
 Country Rank=109407               |     0.139653
 Rank=2095                         |     0.138571
 Bounce Rate=70.2                  |     0.138372
 Rank=207                          |     0.137874
 Rank=91285                        |     0.136204
 Total Sites Linking In=3975       |     0.132598
 Daily Time on Site=621            |     0.131872
 Total Sites Linking In=50232      |     0.131735
 Daily Time on Site=310            |     0.130185
 Daily Time on Site=149            |     0.129351
 Daily Page Views Per Visitor=10.2 |     0.127865
 Country Rank=2850                 |     0.126513
 Total Sites Linking In=99         |      0.12615
 Bounce Rate=25.2                  |     0.125571
 Search Visits=8.1                 |     0.125534
 Daily Time on Site=295            |     0.123756
 Daily Time on Site=845            |     0.122399
 Search Visits=14.1                |     0.121503
 Country Rank=1784                 |     0.119079
 Total Sites Linking In=290        |     0.116535
 Search Visits=11.0                |     0.116309
 Bounce Rate=37.0                  |     0.115184
 Total Sites Linking In=231576     |     0.112383
 Country Rank=2914                 |     0.110066
 Daily Time on Site=189            |     0.107343
 Rank=384054                       |     0.105461
 Daily Page Views Per Visitor=2.2  |     0.103604
 Bounce Rate=45.9                  |     0.102984
 Search Visits=5.4                 |     0.102674
 Search Visits=18.4                |     0.102176
 Rank=14526                        |    0.0991237
 Search Visits=24.0                |    0.0966627
 Total Sites Linking In=10803      |    0.0941396
 Daily Time on Site=173            |    0.0929607
 Bounce Rate=80.0                  |    0.0852849
 Daily Time on Site=122            |    0.0828667
 Rank=4128                         |    0.0827442
 Bounce Rate=55.4                  |    0.0797484
 Daily Page Views Per Visitor=4.8  |    0.0785731
 Bounce Rate=47.9                  |     0.078472
 Daily Page Views Per Visitor=1.61 |    0.0781804
 Rank=5447555                      |    0.0767814
 Total Sites Linking In=94124      |    0.0756132
 Rank=8776                         |    0.0732836
 Bounce Rate=57.2                  |    0.0729896
 Search Visits=12.4                |    0.0725186
 Rank=2476                         |    0.0723858
 Total Sites Linking In=29811      |    0.0678909
 Daily Time on Site=324            |    0.0678118
 Daily Time on Site=178            |     0.065214
 Rank=128250                       |    0.0642385
 Daily Time on Site=350            |    0.0623327
 Rank=7387                         |    0.0616244
 Bounce Rate=30.7                  |    0.0581408
 Total Sites Linking In=17363      |    0.0553822
 Rank=241053                       |     0.055028
 Country Rank=2088                 |    0.0543782
 Country Rank=343                  |    0.0541336
 Total Sites Linking In=411        |    0.0511358
 Country Rank=375                  |    0.0441651
 Rank=27369                        |    0.0438713
 Bounce Rate=77.1                  |    0.0430149
 Country Rank=93                   |     0.042859
 Daily Time on Site=171            |    0.0424298
 Bounce Rate=30.4                  |     0.041237
 Daily Page Views Per Visitor=1.3  |    0.0388024
 Search Visits=7.9                 |    0.0376763
 Bounce Rate=38.2                  |    0.0373081
 Rank=77                           |    0.0345467
 Search Visits=7.7                 |    0.0301506
 Search Visits=9.8                 |    0.0298584
 Daily Page Views Per Visitor=4.1  |    0.0243996
 Daily Time on Site=199            |    0.0242534
 Bounce Rate=41.5                  |    0.0241931
 Daily Page Views Per Visitor=1.7  |    0.0237986
 Rank=664                          |    0.0232863
 Country Rank=253636               |    0.0230494
 Rank=1255421                      |    0.0158459
 Total Sites Linking In=8904       |     0.013206
 Rank=702                          |    0.0120693
 Bounce Rate=52.6                  |    0.0111501
 Bounce Rate=36.7                  |    0.0108719
 Daily Time on Site=302            |   0.00807811
 Search Visits=9.0                 |   0.00715165
 Daily Page Views Per Visitor=4.13 |   0.00581964
 Country Rank=1778                 |    0.0056099
 Total Sites Linking In=4325       |   0.00455895
 Daily Time on Site=163            |   0.00339357
 Daily Time on Site=464            |   0.00119733
 Rank=9860                         |  0.000141449
 Total Sites Linking In=278        | -0.000504318
 Daily Time on Site=344            |  -0.00254369
 Daily Time on Site=317            |  -0.00513709
 Total Sites Linking In=42356      |   -0.0156043
 Country Rank=262                  |   -0.0159223
 Search Visits=12.8                |   -0.0175759
 Search Visits=9.7                 |   -0.0208404
 Bounce Rate=68.3                  |   -0.0208482
 Country Rank=53822                |    -0.021254
 Country Rank=5022                 |    -0.027378
 Total Sites Linking In=168        |   -0.0290625
 Search Visits=10.8                |   -0.0303315
 Country Rank=22                   |    -0.030742
 Search Visits=5.7                 |   -0.0337204
 Daily Page Views Per Visitor=1.5  |   -0.0339674
 Bounce Rate=61.1                  |   -0.0343919
 Country Rank=36950                |   -0.0346017
 Search Visits=26.3                |   -0.0384864
 Country Rank=13400                |   -0.0417269
 Total Sites Linking In=15838      |   -0.0421725
 Rank=1301                         |   -0.0574886
 Daily Time on Site=197            |   -0.0646743
 Search Visits=14.2                |   -0.0762591
 Total Sites Linking In=1712       |   -0.0782861
 Search Visits=8.6                 |   -0.0804782
 Rank=120287                       |   -0.0805713
 Total Sites Linking In=615        |    -0.080588
 Rank=198145                       |   -0.0809509
(222 rows)

exps - DEBUG - BUCKETS:
 bucket | is_true | count 
--------+---------+-------
      0 | f       |  3118
      0 | t       |   107
      1 | f       |     1
      1 | t       |     4
      2 | f       |  2457
      2 | t       |    84
      3 | f       |     3
      3 | t       |     3
      4 | f       |     1
      4 | t       |     4
      5 | t       |     7
      6 | f       |     4
      6 | t       |     3
      7 | f       |    38
      7 | t       |   309
      8 | f       |     1
      8 | t       |     1
      9 | f       |    28
      9 | t       |   236
(19 rows)

exps - INFO - 
PERFORMANCE FOR Threshold 0.7
exps - INFO - Precision: 0.886762360447
exps - INFO - Recall: 0.733509234828
exps - INFO - Acc: 0.957403651116
exps - INFO - F1: 0.802888086643
exps - INFO - 
PERFORMANCE FOR Threshold 0.7
exps - INFO - Precision: 0.890701468189
exps - INFO - Recall: 0.720316622691
exps - INFO - Acc: 0.956467467624
exps - INFO - F1: 0.796498905908
exps - INFO - 
PERFORMANCE FOR Threshold 0.7
exps - INFO - Precision: 0.893939393939
exps - INFO - Recall: 0.311345646438
exps - INFO - Acc: 0.914183179903
exps - INFO - F1: 0.461839530333
exps - DEBUG - EVALUATE ASSIGNMENTS TO FALSE (threshold 0.5)
    ?column?    | is_true | count 
----------------+---------+-------
 Assigned False | f       |  5580
 Assigned False | t       |   202
(2 rows)

exps - DEBUG - EVALUATE ASSIGNMENTS TO TRUE (threshold 0.5)
   ?column?    | is_true | count 
---------------+---------+-------
 Assigned True | f       |    71
 Assigned True | t       |   556
(2 rows)

exps - DEBUG - EVALUATE ASSIGNMENTS TO FALSE (threshold 0.3)
    ?column?    | is_true | count 
----------------+---------+-------
 Assigned False | f       |  5576
 Assigned False | t       |   195
(2 rows)

exps - DEBUG - EVALUATE ASSIGNMENTS TO TRUE (threshold 0.7)
   ?column?    | is_true | count 
---------------+---------+-------
 Assigned True | f       |    67
 Assigned True | t       |   546
(2 rows)

exps - DEBUG - EVALUATE ASSIGNMENTS TO FALSE (threshold 0.1)
    ?column?    | is_true | count 
----------------+---------+-------
 Assigned False | f       |  3118
 Assigned False | t       |   107
(2 rows)

exps - DEBUG - EVALUATE ASSIGNMENTS TO TRUE (threshold 0.9)
   ?column?    | is_true | count 
---------------+---------+-------
 Assigned True | f       |    28
 Assigned True | t       |   236
(2 rows)

exps - INFO - END experiments: WITH FEATURES
exps - INFO - USING HOLDOUT 0.6
exps - INFO - START experiments: WITH FEATURES ONLY w. HOLDOUT 0.6
exps - INFO - Initializing and cleaning DD
exps - INFO - DONE
exps - INFO - DONE running WITH FEATURES. Total run time = 1778.81 secs
exps - DEBUG - PRINT results: WITH FEATURES
exps - INFO - ACCURACY ESTIMATION ERROR:
     ?column?      
-------------------
 0.213385068807244
(1 row)

exps - DEBUG - SELECTED FEATURES W. WEIGHTS:
              feature              |   weight    
-----------------------------------+-------------
 Daily Page Views Per Visitor=2.05 |     1.00928
 Daily Page Views Per Visitor=3.3  |    0.957025
 Search Visits=10.0                |     0.69613
 Daily Page Views Per Visitor=2.76 |    0.549421
 Total Sites Linking In=3643       |    0.462577
 Search Visits=23.8                |    0.443423
 Bounce Rate=50.2                  |    0.441678
 Daily Page Views Per Visitor=8.14 |    0.431063
 Bounce Rate=63.6                  |    0.425593
 Country Rank=13638                |    0.421491
 Daily Page Views Per Visitor=2.5  |    0.406471
 Daily Time on Site=451            |    0.404083
 Daily Page Views Per Visitor=3.46 |    0.401974
 Daily Time on Site=198            |    0.400128
 Country Rank=2415                 |    0.398917
 Total Sites Linking In=3005       |    0.393462
 Bounce Rate=21.0                  |    0.393405
 Daily Page Views Per Visitor=2.09 |    0.387643
 Rank=69898                        |    0.386196
 Search Visits=21.0                |    0.376979
 Bounce Rate=12.6                  |    0.373854
 Daily Time on Site=102            |    0.372549
 Search Visits=5.5                 |    0.369646
 Country Rank=123                  |    0.368186
 Rank=5447555                      |     0.35472
 Search Visits=13.3                |    0.347722
 Total Sites Linking In=14475      |     0.34513
 Country Rank=70                   |    0.343653
 Total Sites Linking In=1965       |    0.341001
 Rank=8778                         |    0.335692
 Bounce Rate=80.0                  |    0.333446
 Search Visits=10.4                |    0.326966
 Bounce Rate=71.1                  |    0.326417
 Rank=166                          |    0.325624
 Daily Time on Site=42             |    0.315862
 Rank=631                          |    0.311794
 Total Sites Linking In=174111     |    0.301723
 Country Rank=291897               |    0.295297
 Total Sites Linking In=99         |    0.295234
 Bounce Rate=33.9                  |    0.275373
 Daily Time on Site=194            |    0.264991
 Total Sites Linking In=73         |    0.261593
 Total Sites Linking In=17363      |    0.244013
 Bounce Rate=58.3                  |    0.242948
 Country Rank=596                  |    0.239212
 Daily Page Views Per Visitor=1.0  |    0.237487
 Bounce Rate=78.4                  |    0.236627
 Daily Page Views Per Visitor=1.62 |    0.236566
 Rank=2095                         |      0.2337
 Search Visits=7.8                 |    0.229132
 Country Rank=1784                 |    0.226933
 Total Sites Linking In=5932       |    0.222127
 Daily Page Views Per Visitor=4.8  |    0.216853
 Search Visits=14.1                |    0.214951
 Daily Page Views Per Visitor=1.61 |    0.208714
 Search Visits=3.2                 |     0.20578
 Rank=27369                        |    0.204735
 Country Rank=41674                |    0.194579
 Total Sites Linking In=290        |    0.189003
 Daily Time on Site=189            |    0.188816
 Daily Time on Site=238            |    0.178815
 Country Rank=2914                 |    0.177264
 Daily Time on Site=324            |    0.176663
 Country Rank=109407               |    0.171754
 Rank=635815                       |    0.168258
 Bounce Rate=30.4                  |    0.167619
 Bounce Rate=47.0                  |    0.165451
 Total Sites Linking In=659        |    0.164129
 Bounce Rate=25.2                  |    0.162221
 Country Rank=1984                 |    0.160902
 Rank=4857                         |    0.157571
 Country Rank=22530                |    0.156322
 Rank=91285                        |    0.155454
 Country Rank=22                   |    0.155318
 Daily Page Views Per Visitor=1.4  |    0.154322
 Total Sites Linking In=1900       |    0.153561
 Rank=221824                       |    0.153548
 Rank=23525                        |    0.151558
 Total Sites Linking In=231576     |    0.151475
 Rank=128250                       |    0.148799
 Daily Time on Site=122            |     0.14696
 Search Visits=5.4                 |    0.146881
 Search Visits=5.7                 |    0.142642
 Daily Time on Site=845            |    0.139538
 Rank=5517                         |    0.138821
 Search Visits=7.7                 |    0.138721
 Search Visits=4.9                 |    0.138059
 Search Visits=10.8                |    0.132678
 Daily Page Views Per Visitor=10.2 |    0.132157
 Rank=1301                         |    0.131224
 Country Rank=2850                 |    0.124284
 Bounce Rate=36.7                  |     0.12392
 Search Visits=23.9                |    0.123613
 Country Rank=253636               |    0.122004
 Daily Page Views Per Visitor=2.2  |    0.118831
 Bounce Rate=70.2                  |    0.116815
 Daily Time on Site=109            |    0.113355
 Country Rank=7012                 |    0.111337
 Daily Time on Site=317            |    0.109053
 Daily Page Views Per Visitor=4.1  |    0.107821
 Rank=4128                         |    0.105953
 Daily Time on Site=480            |    0.104692
 Bounce Rate=45.9                  |     0.10324
 Total Sites Linking In=4272       |    0.102307
 Daily Time on Site=828            |   0.0991998
 Total Sites Linking In=11276      |   0.0973428
 Rank=7387                         |   0.0957897
 Total Sites Linking In=411        |    0.095651
 Search Visits=12.4                |   0.0951951
 Rank=77                           |   0.0939099
 Daily Time on Site=621            |   0.0910032
 Country Rank=613                  |   0.0904889
 Daily Time on Site=188            |   0.0867122
 Search Visits=7.9                 |    0.084477
 Daily Time on Site=258            |   0.0790334
 Daily Time on Site=344            |   0.0787654
 Daily Page Views Per Visitor=1.82 |   0.0775305
 Daily Page Views Per Visitor=1.7  |   0.0767234
 Search Visits=29.3                |   0.0767181
 Total Sites Linking In=15838      |   0.0762136
 Country Rank=53822                |   0.0757956
 Bounce Rate=37.0                  |   0.0738849
 Total Sites Linking In=2514       |    0.073053
 Total Sites Linking In=10803      |   0.0721563
 Daily Page Views Per Visitor=1.46 |   0.0687773
 Rank=80601                        |    0.066956
 Daily Time on Site=171            |    0.066682
 Total Sites Linking In=738        |   0.0644199
 Daily Time on Site=878            |   0.0629416
 Search Visits=24.0                |    0.062653
 Bounce Rate=73.0                  |    0.060083
 Search Visits=8.6                 |   0.0597644
 Daily Time on Site=464            |   0.0560776
 Search Visits=18.4                |   0.0491475
 Daily Time on Site=310            |   0.0486095
 Rank=6972                         |   0.0460934
 Country Rank=4302                 |   0.0456449
 Search Visits=19.9                |   0.0440927
 Country Rank=47998                |   0.0363084
 Country Rank=34796                |   0.0353279
 Daily Page Views Per Visitor=4.13 |   0.0350949
 Bounce Rate=77.1                  |   0.0333668
 Rank=198145                       |   0.0328818
 Rank=120287                       |   0.0326244
 Total Sites Linking In=29811      |   0.0324156
 Search Visits=9.8                 |   0.0319161
 Total Sites Linking In=50232      |    0.031167
 Daily Page Views Per Visitor=1.3  |   0.0300873
 Daily Page Views Per Visitor=2.6  |   0.0300289
 Bounce Rate=42.6                  |   0.0275436
 Bounce Rate=48.5                  |   0.0233926
 Daily Time on Site=178            |    0.022303
 Country Rank=1778                 |   0.0213208
 Rank=126196                       |   0.0207666
 Total Sites Linking In=4425       |   0.0198996
 Search Visits=12.8                |   0.0198417
 Search Visits=9.0                 |     0.01695
 Rank=2476                         |   0.0143523
 Total Sites Linking In=168        |   0.0129069
 Country Rank=2088                 |  0.00986123
 Country Rank=375                  |  0.00720213
 Search Visits=14.2                |  0.00641795
 Bounce Rate=66.4                  |  0.00145603
 Search Visits=11.0                | 0.000963102
 Daily Time on Site=295            | 0.000834315
 Rank=664                          | 0.000548456
 Search Visits=10.6                |  -0.0015118
 Daily Time on Site=173            | -0.00205001
 Country Rank=537016               | -0.00645134
 Daily Time on Site=302            | -0.00814969
 Total Sites Linking In=278        | -0.00969041
 Daily Page Views Per Visitor=2.8  |  -0.0120308
 Daily Time on Site=199            |  -0.0139985
 Total Sites Linking In=8904       |  -0.0151645
 Rank=1255421                      |  -0.0167239
 Total Sites Linking In=94124      |  -0.0177791
 Rank=207                          |  -0.0184814
 Bounce Rate=61.1                  |  -0.0192347
 Daily Page Views Per Visitor=2.1  |  -0.0215155
 Total Sites Linking In=42356      |  -0.0240413
 Bounce Rate=69.0                  |  -0.0250346
 Daily Page Views Per Visitor=1.5  |  -0.0253109
 Search Visits=9.7                 |  -0.0276946
 Rank=14526                        |  -0.0295235
 Country Rank=36950                |  -0.0312011
 Bounce Rate=55.4                  |  -0.0313101
 Daily Page Views Per Visitor=2.9  |  -0.0362584
 Rank=384054                       |  -0.0362972
 Daily Page Views Per Visitor=6.65 |  -0.0364184
 Bounce Rate=47.9                  |  -0.0377008
 Country Rank=93                   |   -0.039964
 Total Sites Linking In=3975       |  -0.0413721
 Bounce Rate=67.3                  |  -0.0421558
 Country Rank=13400                |  -0.0460731
 Bounce Rate=68.3                  |  -0.0479863
 Daily Time on Site=163            |   -0.048418
 Country Rank=262                  |  -0.0486736
 Country Rank=343                  |  -0.0515068
 Daily Time on Site=149            |  -0.0535153
 Daily Page Views Per Visitor=1.89 |  -0.0540266
 Rank=702                          |  -0.0564364
 Rank=241053                       |  -0.0565511
 Search Visits=26.3                |  -0.0700293
 Search Visits=8.1                 |  -0.0704531
 Total Sites Linking In=615        |  -0.0734247
 Bounce Rate=52.6                  |  -0.0739529
 Bounce Rate=57.2                  |  -0.0778798
 Total Sites Linking In=1712       |  -0.0787277
 Rank=8776                         |   -0.079283
 Bounce Rate=38.2                  |  -0.0798675
 Search Visits=15.8                |  -0.0816645
 Total Sites Linking In=4325       |  -0.0817437
 Daily Time on Site=197            |  -0.0826653
 Bounce Rate=30.7                  |  -0.0838643
 Country Rank=718                  |  -0.0910956
 Daily Time on Site=202            |   -0.093156
 Daily Page Views Per Visitor=2.4  |  -0.0952163
 Rank=9860                         |  -0.0974354
 Country Rank=5022                 |   -0.165406
 Bounce Rate=41.5                  |    -0.16744
 Daily Time on Site=350            |   -0.180626
 Total Sites Linking In=1800       |   -0.205954
(222 rows)

exps - DEBUG - BUCKETS:
 bucket | is_true | count 
--------+---------+-------
      0 | f       |  2306
      0 | t       |    76
      1 | t       |     1
      2 | f       |  2000
      2 | t       |    60
      3 | f       |     2
      3 | t       |     9
      4 | t       |     4
      5 | t       |     8
      6 | t       |    11
      7 | f       |    25
      7 | t       |   243
      8 | f       |     1
      8 | t       |     1
      9 | f       |    17
      9 | t       |   197
(16 rows)

exps - INFO - 
PERFORMANCE FOR Threshold 0.7
exps - INFO - Precision: 0.914512922465
exps - INFO - Recall: 0.754098360656
exps - INFO - Acc: 0.961096553114
exps - INFO - F1: 0.826594788859
exps - INFO - 
PERFORMANCE FOR Threshold 0.7
exps - INFO - Precision: 0.911157024793
exps - INFO - Recall: 0.722950819672
exps - INFO - Acc: 0.957266680105
exps - INFO - F1: 0.806215722121
exps - INFO - 
PERFORMANCE FOR Threshold 0.7
exps - INFO - Precision: 0.920560747664
exps - INFO - Recall: 0.322950819672
exps - INFO - Acc: 0.913323926628
exps - INFO - F1: 0.478155339806
exps - DEBUG - EVALUATE ASSIGNMENTS TO FALSE (threshold 0.5)
    ?column?    | is_true | count 
----------------+---------+-------
 Assigned False | f       |  4308
 Assigned False | t       |   150
(2 rows)

exps - DEBUG - EVALUATE ASSIGNMENTS TO TRUE (threshold 0.5)
   ?column?    | is_true | count 
---------------+---------+-------
 Assigned True | f       |    43
 Assigned True | t       |   460
(2 rows)

exps - DEBUG - EVALUATE ASSIGNMENTS TO FALSE (threshold 0.3)
    ?column?    | is_true | count 
----------------+---------+-------
 Assigned False | f       |  4306
 Assigned False | t       |   137
(2 rows)

exps - DEBUG - EVALUATE ASSIGNMENTS TO TRUE (threshold 0.7)
   ?column?    | is_true | count 
---------------+---------+-------
 Assigned True | f       |    43
 Assigned True | t       |   441
(2 rows)

exps - DEBUG - EVALUATE ASSIGNMENTS TO FALSE (threshold 0.1)
    ?column?    | is_true | count 
----------------+---------+-------
 Assigned False | f       |  2306
 Assigned False | t       |    76
(2 rows)

exps - DEBUG - EVALUATE ASSIGNMENTS TO TRUE (threshold 0.9)
   ?column?    | is_true | count 
---------------+---------+-------
 Assigned True | f       |    17
 Assigned True | t       |   197
(2 rows)

exps - INFO - END experiments: WITH FEATURES
exps - INFO - USING HOLDOUT 0.4
exps - INFO - START experiments: WITH FEATURES ONLY w. HOLDOUT 0.4
exps - INFO - Initializing and cleaning DD
exps - INFO - DONE
exps - INFO - DONE running WITH FEATURES. Total run time = 1731.59 secs
exps - DEBUG - PRINT results: WITH FEATURES
exps - INFO - ACCURACY ESTIMATION ERROR:
     ?column?      
-------------------
 0.212984152818259
(1 row)

exps - DEBUG - SELECTED FEATURES W. WEIGHTS:
              feature              |   weight    
-----------------------------------+-------------
 Search Visits=10.0                |    0.762232
 Search Visits=23.8                |    0.630299
 Country Rank=70                   |     0.61442
 Total Sites Linking In=174111     |    0.554948
 Bounce Rate=21.0                  |    0.526144
 Daily Page Views Per Visitor=2.76 |    0.521114
 Rank=166                          |    0.519709
 Daily Page Views Per Visitor=3.46 |    0.514352
 Daily Page Views Per Visitor=8.14 |    0.494227
 Search Visits=5.5                 |    0.491357
 Country Rank=123                  |    0.489583
 Rank=631                          |    0.488842
 Country Rank=13638                |    0.488552
 Bounce Rate=12.6                  |    0.482078
 Total Sites Linking In=3005       |    0.474561
 Bounce Rate=58.3                  |     0.47036
 Country Rank=596                  |    0.458802
 Bounce Rate=50.2                  |    0.457302
 Total Sites Linking In=1965       |    0.452391
 Daily Page Views Per Visitor=2.05 |    0.451113
 Daily Time on Site=451            |    0.446998
 Rank=69898                        |     0.43878
 Daily Page Views Per Visitor=2.09 |    0.425685
 Daily Time on Site=102            |    0.421996
 Search Visits=13.3                |    0.421137
 Bounce Rate=80.0                  |    0.405346
 Rank=5447555                      |    0.400156
 Bounce Rate=33.9                  |    0.396342
 Bounce Rate=71.1                  |    0.391062
 Daily Page Views Per Visitor=1.0  |    0.386571
 Rank=2095                         |    0.374319
 Rank=635815                       |    0.369907
 Search Visits=14.1                |    0.369805
 Daily Time on Site=194            |    0.368811
 Search Visits=10.4                |    0.368213
 Rank=8778                         |    0.358385
 Daily Time on Site=198            |    0.355986
 Daily Page Views Per Visitor=2.5  |    0.355587
 Total Sites Linking In=5932       |    0.354049
 Bounce Rate=63.6                  |    0.350648
 Country Rank=291897               |    0.343847
 Total Sites Linking In=99         |     0.34252
 Total Sites Linking In=73         |     0.34052
 Country Rank=2415                 |    0.338154
 Daily Time on Site=42             |    0.334752
 Total Sites Linking In=3643       |    0.334488
 Search Visits=29.3                |    0.327324
 Bounce Rate=73.0                  |    0.313204
 Total Sites Linking In=14475      |    0.310253
 Bounce Rate=78.4                  |    0.296669
 Daily Page Views Per Visitor=10.2 |    0.294835
 Daily Page Views Per Visitor=3.3  |    0.293163
 Daily Time on Site=878            |    0.280446
 Total Sites Linking In=17363      |    0.277682
 Bounce Rate=25.2                  |    0.275142
 Daily Time on Site=109            |    0.273729
 Country Rank=1984                 |    0.273617
 Country Rank=1784                 |    0.263754
 Daily Time on Site=317            |    0.260795
 Search Visits=21.0                |    0.260153
 Search Visits=3.2                 |    0.253921
 Rank=5517                         |    0.249184
 Daily Time on Site=189            |     0.24511
 Bounce Rate=42.6                  |    0.242749
 Daily Time on Site=238            |    0.240126
 Search Visits=12.4                |    0.236328
 Country Rank=2914                 |    0.235362
 Daily Page Views Per Visitor=1.62 |    0.223996
 Daily Page Views Per Visitor=2.2  |    0.222008
 Total Sites Linking In=10803      |    0.208955
 Daily Page Views Per Visitor=6.65 |     0.20332
 Bounce Rate=45.9                  |     0.20316
 Country Rank=7012                 |    0.199953
 Total Sites Linking In=1900       |     0.19936
 Rank=23525                        |    0.193886
 Total Sites Linking In=231576     |    0.193282
 Daily Time on Site=828            |    0.185514
 Rank=77                           |    0.183783
 Daily Page Views Per Visitor=2.9  |    0.182713
 Bounce Rate=48.5                  |    0.173351
 Search Visits=4.9                 |    0.169159
 Total Sites Linking In=3975       |    0.168076
 Total Sites Linking In=4272       |    0.163983
 Daily Time on Site=480            |    0.147133
 Rank=4857                         |    0.145239
 Rank=221824                       |    0.142178
 Country Rank=718                  |    0.142082
 Rank=4128                         |    0.140973
 Country Rank=109407               |    0.134349
 Rank=126196                       |    0.131331
 Bounce Rate=77.1                  |    0.129769
 Country Rank=22                   |    0.128598
 Bounce Rate=47.0                  |    0.128546
 Daily Page Views Per Visitor=1.61 |    0.124296
 Search Visits=19.9                |    0.121183
 Country Rank=41674                |    0.113808
 Search Visits=10.6                |    0.108459
 Rank=14526                        |    0.103551
 Rank=1255421                      |    0.098532
 Country Rank=47998                |   0.0979329
 Total Sites Linking In=290        |   0.0928089
 Bounce Rate=47.9                  |   0.0922221
 Rank=91285                        |   0.0894573
 Daily Time on Site=178            |   0.0875726
 Daily Time on Site=295            |   0.0869415
 Bounce Rate=55.4                  |   0.0862191
 Daily Time on Site=845            |   0.0816747
 Daily Time on Site=171            |   0.0774417
 Daily Page Views Per Visitor=1.89 |   0.0767891
 Total Sites Linking In=4425       |   0.0749613
 Total Sites Linking In=278        |   0.0740678
 Country Rank=13400                |   0.0736286
 Search Visits=18.4                |   0.0735126
 Total Sites Linking In=50232      |   0.0723021
 Total Sites Linking In=168        |   0.0719985
 Total Sites Linking In=411        |   0.0718979
 Search Visits=15.8                |   0.0704472
 Country Rank=5022                 |   0.0699547
 Country Rank=2850                 |   0.0698783
 Daily Page Views Per Visitor=2.1  |   0.0695954
 Country Rank=93                   |   0.0695622
 Search Visits=9.0                 |   0.0683916
 Country Rank=537016               |   0.0682038
 Rank=6972                         |   0.0654949
 Daily Page Views Per Visitor=4.13 |   0.0651503
 Bounce Rate=68.3                  |   0.0649106
 Rank=207                          |   0.0630956
 Total Sites Linking In=738        |   0.0623989
 Search Visits=5.4                 |   0.0613939
 Total Sites Linking In=659        |   0.0607633
 Search Visits=24.0                |   0.0602545
 Bounce Rate=67.3                  |   0.0597709
 Daily Time on Site=310            |   0.0593917
 Bounce Rate=66.4                  |   0.0591082
 Total Sites Linking In=1800       |     0.05879
 Bounce Rate=30.4                  |   0.0567123
 Total Sites Linking In=42356      |   0.0554025
 Daily Time on Site=302            |   0.0548276
 Rank=8776                         |   0.0543573
 Daily Page Views Per Visitor=1.46 |   0.0528054
 Rank=1301                         |   0.0528025
 Daily Page Views Per Visitor=2.6  |   0.0495468
 Total Sites Linking In=2514       |   0.0430935
 Bounce Rate=52.6                  |   0.0423779
 Daily Time on Site=202            |   0.0418608
 Daily Page Views Per Visitor=1.4  |   0.0378342
 Daily Page Views Per Visitor=2.4  |   0.0358397
 Search Visits=7.8                 |   0.0335305
 Daily Time on Site=173            |     0.03165
 Search Visits=8.1                 |   0.0313269
 Bounce Rate=57.2                  |   0.0276025
 Rank=2476                         |    0.027349
 Bounce Rate=69.0                  |   0.0269504
 Rank=241053                       |   0.0254091
 Search Visits=9.8                 |   0.0241827
 Rank=27369                        |   0.0218802
 Daily Time on Site=344            |   0.0213398
 Daily Time on Site=258            |   0.0202931
 Rank=664                          |   0.0179507
 Country Rank=375                  |   0.0158583
 Country Rank=22530                |   0.0139764
 Rank=384054                       |   0.0127279
 Search Visits=12.8                |   0.0105776
 Search Visits=7.9                 |   0.0105296
 Search Visits=23.9                |    0.010261
 Country Rank=343                  |   0.0101739
 Daily Page Views Per Visitor=1.5  |   0.0100687
 Bounce Rate=37.0                  |  0.00980094
 Daily Page Views Per Visitor=2.8  |   0.0094884
 Daily Time on Site=199            |  0.00831482
 Country Rank=53822                |  0.00629062
 Daily Time on Site=324            |  0.00586498
 Daily Time on Site=149            |  0.00203866
 Rank=80601                        |  0.00169162
 Search Visits=9.7                 | -0.00226337
 Daily Time on Site=464            | -0.00991313
 Search Visits=11.0                |   -0.010122
 Search Visits=8.6                 |  -0.0150369
 Country Rank=1778                 |  -0.0178633
 Daily Time on Site=350            |  -0.0184977
 Bounce Rate=61.1                  |  -0.0185441
 Total Sites Linking In=15838      |  -0.0233547
 Daily Time on Site=188            |  -0.0251288
 Country Rank=36950                |  -0.0255724
 Search Visits=14.2                |  -0.0263373
 Total Sites Linking In=615        |  -0.0264354
 Daily Time on Site=163            |   -0.026516
 Rank=128250                       |  -0.0274626
 Country Rank=613                  |  -0.0285824
 Country Rank=253636               |  -0.0297189
 Search Visits=26.3                |   -0.029932
 Total Sites Linking In=94124      |  -0.0320715
 Rank=7387                         |  -0.0334454
 Total Sites Linking In=8904       |  -0.0337538
 Bounce Rate=36.7                  |  -0.0339574
 Daily Page Views Per Visitor=4.8  |  -0.0389727
 Daily Time on Site=621            |  -0.0393108
 Rank=120287                       |  -0.0405511
 Daily Page Views Per Visitor=1.3  |  -0.0419302
 Country Rank=262                  |  -0.0423325
 Daily Page Views Per Visitor=1.7  |  -0.0423854
 Daily Time on Site=197            |  -0.0437971
 Search Visits=5.7                 |  -0.0440663
 Bounce Rate=30.7                  |  -0.0452969
 Country Rank=4302                 |  -0.0460878
 Rank=9860                         |  -0.0465363
 Total Sites Linking In=11276      |   -0.052584
 Search Visits=10.8                |  -0.0543503
 Daily Page Views Per Visitor=1.82 |  -0.0550656
 Daily Time on Site=122            |   -0.056635
 Country Rank=2088                 |  -0.0575565
 Daily Page Views Per Visitor=4.1  |  -0.0588897
 Rank=702                          |  -0.0659713
 Country Rank=34796                |  -0.0674608
 Total Sites Linking In=4325       |  -0.0674858
 Total Sites Linking In=29811      |  -0.0679842
 Total Sites Linking In=1712       |  -0.0699769
 Bounce Rate=70.2                  |  -0.0703364
 Search Visits=7.7                 |  -0.0716591
 Bounce Rate=41.5                  |  -0.0768304
 Rank=198145                       |  -0.0776957
 Bounce Rate=38.2                  |    -0.10218
(222 rows)

exps - DEBUG - BUCKETS:
 bucket | is_true | count 
--------+---------+-------
      0 | f       |  1738
      0 | t       |    44
      1 | t       |     4
      2 | f       |  1287
      2 | t       |    52
      3 | t       |     4
      4 | f       |     1
      4 | t       |     2
      5 | f       |     3
      5 | t       |     4
      6 | t       |     1
      7 | f       |    25
      7 | t       |   178
      8 | f       |     3
      8 | t       |     2
      9 | f       |    17
      9 | t       |   103
(17 rows)

exps - INFO - 
PERFORMANCE FOR Threshold 0.7
exps - INFO - Precision: 0.857142857143
exps - INFO - Recall: 0.730964467005
exps - INFO - Acc: 0.955594002307
exps - INFO - F1: 0.78904109589
exps - INFO - 
PERFORMANCE FOR Threshold 0.7
exps - INFO - Precision: 0.862804878049
exps - INFO - Recall: 0.718274111675
exps - INFO - Acc: 0.955017301038
exps - INFO - F1: 0.783933518006
exps - INFO - 
PERFORMANCE FOR Threshold 0.7
exps - INFO - Precision: 0.858333333333
exps - INFO - Recall: 0.261421319797
exps - INFO - Acc: 0.911188004614
exps - INFO - F1: 0.400778210117
exps - DEBUG - EVALUATE ASSIGNMENTS TO FALSE (threshold 0.5)
    ?column?    | is_true | count 
----------------+---------+-------
 Assigned False | f       |  3026
 Assigned False | t       |   106
(2 rows)

exps - DEBUG - EVALUATE ASSIGNMENTS TO TRUE (threshold 0.5)
   ?column?    | is_true | count 
---------------+---------+-------
 Assigned True | f       |    48
 Assigned True | t       |   288
(2 rows)

exps - DEBUG - EVALUATE ASSIGNMENTS TO FALSE (threshold 0.3)
    ?column?    | is_true | count 
----------------+---------+-------
 Assigned False | f       |  3025
 Assigned False | t       |   100
(2 rows)

exps - DEBUG - EVALUATE ASSIGNMENTS TO TRUE (threshold 0.7)
   ?column?    | is_true | count 
---------------+---------+-------
 Assigned True | f       |    45
 Assigned True | t       |   283
(2 rows)

exps - DEBUG - EVALUATE ASSIGNMENTS TO FALSE (threshold 0.1)
    ?column?    | is_true | count 
----------------+---------+-------
 Assigned False | f       |  1738
 Assigned False | t       |    44
(2 rows)

exps - DEBUG - EVALUATE ASSIGNMENTS TO TRUE (threshold 0.9)
   ?column?    | is_true | count 
---------------+---------+-------
 Assigned True | f       |    17
 Assigned True | t       |   103
(2 rows)

exps - INFO - END experiments: WITH FEATURES
exps - INFO - USING HOLDOUT 0.2
exps - INFO - START experiments: WITH FEATURES ONLY w. HOLDOUT 0.2
exps - INFO - Initializing and cleaning DD
exps - INFO - DONE
exps - INFO - DONE running WITH FEATURES. Total run time = 1590.91 secs
exps - DEBUG - PRINT results: WITH FEATURES
exps - INFO - ACCURACY ESTIMATION ERROR:
     ?column?      
-------------------
 0.247156886641148
(1 row)

exps - DEBUG - SELECTED FEATURES W. WEIGHTS:
              feature              |   weight    
-----------------------------------+-------------
 Search Visits=10.0                |     1.35087
 Daily Page Views Per Visitor=2.9  |     1.29796
 Daily Page Views Per Visitor=2.05 |    0.881413
 Daily Time on Site=188            |    0.865669
 Bounce Rate=73.0                  |    0.701787
 Daily Page Views Per Visitor=3.3  |    0.678984
 Daily Page Views Per Visitor=2.76 |    0.667019
 Daily Page Views Per Visitor=2.09 |    0.580187
 Search Visits=13.3                |    0.557809
 Rank=69898                        |    0.549088
 Country Rank=13638                |    0.538226
 Total Sites Linking In=1965       |    0.520048
 Bounce Rate=50.2                  |    0.503601
 Daily Time on Site=102            |     0.49752
 Search Visits=21.0                |    0.491265
 Bounce Rate=63.6                  |    0.484842
 Daily Page Views Per Visitor=1.62 |    0.482266
 Country Rank=2415                 |    0.451192
 Rank=8778                         |    0.445902
 Country Rank=7012                 |    0.435758
 Daily Page Views Per Visitor=2.5  |     0.43016
 Bounce Rate=78.4                  |    0.410858
 Total Sites Linking In=3643       |    0.408522
 Daily Time on Site=198            |    0.402377
 Total Sites Linking In=73         |     0.40017
 Rank=635815                       |    0.378182
 Rank=80601                        |    0.371416
 Search Visits=10.4                |    0.370015
 Bounce Rate=33.9                  |    0.368763
 Daily Time on Site=109            |    0.368543
 Country Rank=123                  |    0.367793
 Daily Time on Site=451            |    0.367604
 Total Sites Linking In=5932       |    0.354069
 Daily Time on Site=194            |    0.349519
 Rank=23525                        |    0.349279
 Bounce Rate=12.6                  |    0.337619
 Daily Page Views Per Visitor=3.46 |     0.33561
 Country Rank=291897               |    0.327556
 Daily Page Views Per Visitor=10.2 |     0.32695
 Search Visits=29.3                |    0.323777
 Country Rank=70                   |    0.323037
 Bounce Rate=69.0                  |    0.315337
 Daily Page Views Per Visitor=8.14 |    0.312862
 Rank=2095                         |    0.311225
 Rank=166                          |     0.30754
 Search Visits=3.2                 |       0.301
 Total Sites Linking In=3005       |     0.30045
 Search Visits=5.5                 |    0.295783
 Total Sites Linking In=174111     |    0.294285
 Daily Time on Site=238            |    0.292784
 Total Sites Linking In=14475      |    0.291304
 Rank=631                          |    0.290801
 Search Visits=23.8                |    0.288787
 Daily Time on Site=42             |    0.287378
 Bounce Rate=80.0                  |     0.28569
 Search Visits=14.1                |    0.283584
 Daily Page Views Per Visitor=6.65 |    0.278438
 Bounce Rate=21.0                  |    0.277364
 Rank=207                          |    0.271552
 Search Visits=12.4                |    0.269086
 Total Sites Linking In=99         |    0.268917
 Rank=4857                         |    0.267411
 Daily Page Views Per Visitor=4.13 |    0.264001
 Bounce Rate=47.0                  |    0.262237
 Country Rank=596                  |    0.262053
 Bounce Rate=58.3                  |    0.261584
 Daily Time on Site=480            |     0.26104
 Total Sites Linking In=1900       |    0.260419
 Country Rank=34796                |     0.25466
 Search Visits=15.8                |    0.248497
 Daily Page Views Per Visitor=1.82 |    0.246861
 Total Sites Linking In=94124      |    0.242817
 Search Visits=11.0                |     0.24112
 Daily Time on Site=149            |     0.24093
 Country Rank=1984                 |    0.219825
 Country Rank=343                  |    0.212412
 Rank=14526                        |    0.191019
 Total Sites Linking In=4425       |    0.186967
 Total Sites Linking In=2514       |    0.186585
 Daily Time on Site=828            |     0.18512
 Country Rank=2914                 |    0.180082
 Country Rank=22                   |    0.179235
 Bounce Rate=66.4                  |    0.176469
 Daily Page Views Per Visitor=1.5  |    0.176352
 Country Rank=47998                |     0.17626
 Daily Time on Site=173            |    0.174246
 Daily Time on Site=163            |    0.171709
 Rank=5447555                      |    0.171693
 Country Rank=109407               |    0.169967
 Country Rank=41674                |    0.167685
 Search Visits=26.3                |    0.167081
 Bounce Rate=48.5                  |    0.166449
 Total Sites Linking In=29811      |    0.160236
 Daily Time on Site=310            |    0.155662
 Search Visits=23.9                |    0.154716
 Bounce Rate=55.4                  |    0.151621
 Bounce Rate=30.7                  |     0.15028
 Rank=4128                         |    0.148728
 Rank=221824                       |    0.148064
 Rank=384054                       |     0.14386
 Rank=702                          |    0.143201
 Daily Page Views Per Visitor=2.1  |    0.142597
 Search Visits=9.8                 |    0.139414
 Daily Page Views Per Visitor=1.0  |    0.137765
 Total Sites Linking In=10803      |    0.137435
 Bounce Rate=25.2                  |    0.137103
 Search Visits=9.0                 |    0.135475
 Total Sites Linking In=168        |    0.135466
 Daily Time on Site=845            |    0.134992
 Search Visits=4.9                 |    0.134193
 Country Rank=718                  |    0.130978
 Total Sites Linking In=1800       |    0.129123
 Total Sites Linking In=3975       |    0.128974
 Bounce Rate=77.1                  |    0.127759
 Country Rank=2088                 |    0.126746
 Daily Time on Site=295            |    0.122468
 Total Sites Linking In=4272       |    0.120811
 Daily Time on Site=878            |    0.115688
 Daily Page Views Per Visitor=1.46 |      0.1153
 Country Rank=1784                 |    0.113781
 Rank=126196                       |    0.113167
 Country Rank=4302                 |    0.107447
 Daily Page Views Per Visitor=4.8  |    0.105612
 Daily Page Views Per Visitor=2.4  |    0.105024
 Daily Time on Site=464            |    0.104975
 Search Visits=10.6                |    0.101925
 Daily Page Views Per Visitor=1.4  |    0.101191
 Daily Time on Site=122            |    0.100246
 Bounce Rate=47.9                  |   0.0991217
 Daily Page Views Per Visitor=1.61 |     0.09666
 Search Visits=7.7                 |   0.0965633
 Daily Time on Site=258            |   0.0954789
 Daily Page Views Per Visitor=2.8  |   0.0950868
 Bounce Rate=70.2                  |   0.0923787
 Country Rank=93                   |   0.0845609
 Search Visits=8.1                 |   0.0841489
 Daily Page Views Per Visitor=2.6  |   0.0813492
 Search Visits=12.8                |   0.0809352
 Daily Time on Site=189            |   0.0792774
 Rank=1301                         |   0.0788215
 Daily Time on Site=202            |   0.0732448
 Daily Time on Site=197            |   0.0728507
 Daily Page Views Per Visitor=2.2  |   0.0715959
 Total Sites Linking In=15838      |   0.0699007
 Total Sites Linking In=738        |   0.0695596
 Total Sites Linking In=42356      |   0.0690274
 Rank=128250                       |   0.0689477
 Daily Page Views Per Visitor=1.7  |   0.0682536
 Rank=2476                         |   0.0676127
 Bounce Rate=71.1                  |   0.0640409
 Total Sites Linking In=1712       |   0.0614862
 Country Rank=22530                |   0.0610397
 Country Rank=2850                 |   0.0599536
 Search Visits=5.4                 |   0.0595653
 Bounce Rate=45.9                  |   0.0586137
 Daily Page Views Per Visitor=1.89 |   0.0572731
 Rank=6972                         |   0.0571056
 Search Visits=8.6                 |   0.0550817
 Rank=9860                         |   0.0548752
 Country Rank=5022                 |   0.0519638
 Rank=91285                        |   0.0514077
 Total Sites Linking In=17363      |    0.050668
 Rank=664                          |   0.0488529
 Bounce Rate=36.7                  |   0.0479575
 Daily Time on Site=324            |   0.0473922
 Total Sites Linking In=411        |   0.0468263
 Rank=5517                         |   0.0467281
 Total Sites Linking In=11276      |   0.0433341
 Rank=241053                       |   0.0388378
 Rank=8776                         |   0.0381283
 Country Rank=13400                |   0.0368496
 Bounce Rate=30.4                  |   0.0365328
 Total Sites Linking In=8904       |   0.0344016
 Search Visits=18.4                |    0.034066
 Bounce Rate=61.1                  |   0.0336387
 Search Visits=24.0                |   0.0306549
 Bounce Rate=41.5                  |    0.028375
 Country Rank=613                  |   0.0258871
 Daily Time on Site=178            |   0.0248401
 Country Rank=36950                |   0.0243825
 Total Sites Linking In=615        |   0.0237473
 Daily Time on Site=344            |   0.0234882
 Rank=1255421                      |   0.0208571
 Bounce Rate=67.3                  |   0.0205628
 Total Sites Linking In=278        |    0.018693
 Search Visits=7.8                 |   0.0186536
 Country Rank=53822                |    0.018508
 Daily Page Views Per Visitor=1.3  |   0.0173806
 Search Visits=19.9                |   0.0168082
 Total Sites Linking In=50232      |   0.0087584
 Bounce Rate=68.3                  |  0.00578743
 Daily Page Views Per Visitor=4.1  |  0.00369724
 Daily Time on Site=350            |  0.00330938
 Search Visits=14.2                |  0.00267595
 Rank=27369                        |  0.00239867
 Rank=7387                         |  6.1818e-05
 Country Rank=537016               | -0.00122228
 Total Sites Linking In=659        | -0.00215908
 Rank=77                           | -0.00261606
 Bounce Rate=52.6                  | -0.00302953
 Country Rank=1778                 | -0.00878162
 Total Sites Linking In=290        |  -0.0190718
 Daily Time on Site=302            |  -0.0191269
 Rank=198145                       |  -0.0192886
 Total Sites Linking In=4325       |  -0.0195126
 Country Rank=375                  |  -0.0197707
 Daily Time on Site=171            |  -0.0304518
 Search Visits=9.7                 |  -0.0313006
 Daily Time on Site=199            |  -0.0412707
 Bounce Rate=42.6                  |   -0.042781
 Daily Time on Site=621            |  -0.0461212
 Country Rank=253636               |  -0.0462707
 Daily Time on Site=317            |   -0.048178
 Search Visits=5.7                 |  -0.0529858
 Bounce Rate=57.2                  |  -0.0538263
 Rank=120287                       |   -0.061571
 Total Sites Linking In=231576     |   -0.062628
 Country Rank=262                  |  -0.0665669
 Bounce Rate=38.2                  |    -0.06798
 Bounce Rate=37.0                  |  -0.0719674
 Search Visits=10.8                |   -0.078898
 Search Visits=7.9                 |  -0.0807149
(222 rows)

exps - DEBUG - BUCKETS:
 bucket | is_true | count 
--------+---------+-------
      0 | f       |   822
      0 | t       |    26
      2 | f       |   533
      2 | t       |    18
      3 | t       |     1
      5 | f       |     1
      5 | t       |     5
      6 | t       |     1
      7 | f       |    11
      7 | t       |    77
      8 | t       |     3
      9 | f       |     5
      9 | t       |    48
(13 rows)

exps - INFO - 
PERFORMANCE FOR Threshold 0.7
exps - INFO - Precision: 0.887417218543
exps - INFO - Recall: 0.748603351955
exps - INFO - Acc: 0.960025789813
exps - INFO - F1: 0.812121212121
exps - INFO - 
PERFORMANCE FOR Threshold 0.7
exps - INFO - Precision: 0.888888888889
exps - INFO - Recall: 0.715083798883
exps - INFO - Acc: 0.956802063185
exps - INFO - F1: 0.792569659443
exps - INFO - 
PERFORMANCE FOR Threshold 0.7
exps - INFO - Precision: 0.905660377358
exps - INFO - Recall: 0.268156424581
exps - INFO - Acc: 0.912314635719
exps - INFO - F1: 0.413793103448
exps - DEBUG - EVALUATE ASSIGNMENTS TO FALSE (threshold 0.5)
    ?column?    | is_true | count 
----------------+---------+-------
 Assigned False | f       |  1355
 Assigned False | t       |    45
(2 rows)

exps - DEBUG - EVALUATE ASSIGNMENTS TO TRUE (threshold 0.5)
   ?column?    | is_true | count 
---------------+---------+-------
 Assigned True | f       |    17
 Assigned True | t       |   134
(2 rows)

exps - DEBUG - EVALUATE ASSIGNMENTS TO FALSE (threshold 0.3)
    ?column?    | is_true | count 
----------------+---------+-------
 Assigned False | f       |  1355
 Assigned False | t       |    44
(2 rows)

exps - DEBUG - EVALUATE ASSIGNMENTS TO TRUE (threshold 0.7)
   ?column?    | is_true | count 
---------------+---------+-------
 Assigned True | f       |    16
 Assigned True | t       |   128
(2 rows)

exps - DEBUG - EVALUATE ASSIGNMENTS TO FALSE (threshold 0.1)
    ?column?    | is_true | count 
----------------+---------+-------
 Assigned False | f       |   822
 Assigned False | t       |    26
(2 rows)

exps - DEBUG - EVALUATE ASSIGNMENTS TO TRUE (threshold 0.9)
   ?column?    | is_true | count 
---------------+---------+-------
 Assigned True | f       |     5
 Assigned True | t       |    48
(2 rows)

exps - INFO - END experiments: WITH FEATURES
exps - INFO - USING HOLDOUT 0.1
exps - INFO - START experiments: WITH FEATURES ONLY w. HOLDOUT 0.1
exps - INFO - Initializing and cleaning DD
exps - INFO - DONE
exps - INFO - DONE running WITH FEATURES. Total run time = 1564.34 secs
exps - DEBUG - PRINT results: WITH FEATURES
exps - INFO - ACCURACY ESTIMATION ERROR:
     ?column?      
-------------------
 0.339315477004474
(1 row)

exps - DEBUG - SELECTED FEATURES W. WEIGHTS:
              feature              |   weight    
-----------------------------------+-------------
 Search Visits=10.0                |     2.00209
 Daily Page Views Per Visitor=2.9  |     1.46926
 Daily Page Views Per Visitor=3.3  |     1.32547
 Daily Page Views Per Visitor=2.76 |     1.31867
 Daily Time on Site=188            |     1.16039
 Bounce Rate=73.0                  |    0.787828
 Daily Page Views Per Visitor=2.05 |    0.741737
 Daily Page Views Per Visitor=2.8  |      0.5838
 Country Rank=70                   |    0.551588
 Daily Page Views Per Visitor=3.46 |    0.538203
 Daily Page Views Per Visitor=2.09 |     0.51828
 Country Rank=123                  |    0.501941
 Country Rank=13638                |    0.485038
 Search Visits=23.8                |    0.484076
 Bounce Rate=21.0                  |    0.479067
 Daily Time on Site=102            |    0.476447
 Total Sites Linking In=174111     |    0.466281
 Total Sites Linking In=1965       |    0.459557
 Search Visits=13.3                |    0.448336
 Total Sites Linking In=5932       |    0.447666
 Rank=166                          |    0.438473
 Rank=631                          |     0.43807
 Total Sites Linking In=411        |    0.436443
 Rank=69898                        |    0.435276
 Total Sites Linking In=14475      |    0.434455
 Daily Page Views Per Visitor=8.14 |    0.431534
 Bounce Rate=50.2                  |    0.427494
 Search Visits=9.8                 |    0.423912
 Daily Time on Site=198            |    0.423445
 Bounce Rate=25.2                  |    0.423413
 Total Sites Linking In=3643       |    0.416305
 Daily Time on Site=350            |    0.411307
 Country Rank=1984                 |    0.411196
 Search Visits=14.1                |    0.409925
 Search Visits=29.3                |    0.408986
 Bounce Rate=12.6                  |    0.408499
 Rank=2095                         |    0.406442
 Rank=8778                         |    0.399893
 Daily Page Views Per Visitor=2.5  |    0.396587
 Total Sites Linking In=3005       |    0.394184
 Search Visits=5.5                 |    0.393568
 Rank=23525                        |    0.386376
 Rank=80601                        |    0.386265
 Rank=221824                       |    0.376182
 Search Visits=24.0                |    0.362518
 Daily Time on Site=451            |     0.35819
 Search Visits=21.0                |    0.348284
 Search Visits=12.4                |    0.347213
 Daily Page Views Per Visitor=6.65 |    0.342516
 Country Rank=596                  |    0.342439
 Country Rank=109407               |    0.341941
 Daily Page Views Per Visitor=1.62 |    0.338873
 Search Visits=15.8                |    0.338568
 Rank=9860                         |    0.338235
 Country Rank=2415                 |    0.337401
 Rank=4857                         |    0.337007
 Total Sites Linking In=1900       |    0.336619
 Bounce Rate=58.3                  |    0.336344
 Bounce Rate=69.0                  |    0.335491
 Daily Time on Site=480            |    0.334002
 Bounce Rate=42.6                  |    0.328982
 Daily Page Views Per Visitor=1.82 |    0.328573
 Total Sites Linking In=4425       |    0.319372
 Total Sites Linking In=4272       |     0.31621
 Bounce Rate=63.6                  |    0.312711
 Daily Page Views Per Visitor=1.0  |    0.306747
 Bounce Rate=47.0                  |    0.303665
 Bounce Rate=41.5                  |    0.301559
 Daily Time on Site=238            |    0.300435
 Bounce Rate=47.9                  |    0.294157
 Daily Time on Site=109            |    0.292877
 Search Visits=10.6                |    0.291038
 Rank=4128                         |    0.286838
 Daily Time on Site=42             |    0.286285
 Total Sites Linking In=94124      |    0.283427
 Daily Time on Site=878            |    0.281397
 Daily Page Views Per Visitor=2.2  |    0.278974
 Total Sites Linking In=2514       |     0.27477
 Daily Time on Site=845            |    0.274327
 Daily Time on Site=163            |    0.273615
 Bounce Rate=78.4                  |    0.272662
 Total Sites Linking In=99         |    0.270256
 Search Visits=3.2                 |    0.264928
 Daily Page Views Per Visitor=4.8  |    0.262365
 Rank=635815                       |    0.262213
 Daily Page Views Per Visitor=1.4  |    0.251288
 Country Rank=7012                 |    0.248408
 Rank=207                          |     0.23878
 Rank=5447555                      |    0.235919
 Total Sites Linking In=278        |    0.234004
 Bounce Rate=30.4                  |    0.233677
 Rank=27369                        |    0.231246
 Rank=2476                         |    0.230591
 Total Sites Linking In=17363      |    0.227637
 Total Sites Linking In=3975       |    0.227261
 Bounce Rate=80.0                  |    0.225798
 Country Rank=34796                |     0.22489
 Daily Page Views Per Visitor=1.89 |    0.221512
 Country Rank=2088                 |    0.221275
 Country Rank=613                  |    0.215669
 Search Visits=7.7                 |    0.213898
 Total Sites Linking In=1800       |    0.210368
 Daily Page Views Per Visitor=1.5  |    0.209926
 Daily Time on Site=464            |    0.208761
 Daily Time on Site=324            |    0.208419
 Daily Page Views Per Visitor=2.4  |    0.208052
 Search Visits=11.0                |    0.206714
 Total Sites Linking In=738        |     0.20631
 Bounce Rate=33.9                  |     0.20609
 Bounce Rate=55.4                  |    0.204864
 Search Visits=5.7                 |    0.202801
 Bounce Rate=67.3                  |    0.200577
 Search Visits=8.1                 |    0.200064
 Country Rank=718                  |    0.193425
 Country Rank=2850                 |    0.193032
 Total Sites Linking In=10803      |    0.192911
 Daily Page Views Per Visitor=2.1  |    0.188026
 Rank=7387                         |    0.187657
 Search Visits=19.9                |    0.187653
 Daily Page Views Per Visitor=10.2 |    0.185086
 Daily Time on Site=310            |    0.184087
 Bounce Rate=61.1                  |    0.180889
 Rank=5517                         |      0.1784
 Rank=1255421                      |    0.178333
 Daily Time on Site=317            |      0.1776
 Country Rank=343                  |    0.175153
 Bounce Rate=36.7                  |    0.172895
 Search Visits=9.7                 |    0.171575
 Bounce Rate=37.0                  |    0.171051
 Country Rank=537016               |    0.170335
 Total Sites Linking In=73         |    0.168233
 Search Visits=5.4                 |    0.168185
 Country Rank=41674                |    0.167362
 Daily Time on Site=173            |    0.165412
 Bounce Rate=71.1                  |    0.164805
 Country Rank=5022                 |    0.164504
 Rank=702                          |    0.164245
 Daily Page Views Per Visitor=1.46 |    0.162155
 Daily Time on Site=621            |    0.161538
 Daily Page Views Per Visitor=2.6  |     0.15748
 Daily Time on Site=194            |     0.15651
 Daily Page Views Per Visitor=4.13 |    0.155773
 Bounce Rate=66.4                  |    0.155058
 Total Sites Linking In=290        |    0.154892
 Daily Page Views Per Visitor=4.1  |    0.154241
 Rank=126196                       |     0.15365
 Rank=14526                        |    0.152436
 Rank=664                          |    0.150401
 Daily Time on Site=189            |    0.146948
 Bounce Rate=70.2                  |    0.144823
 Country Rank=253636               |    0.143109
 Country Rank=4302                 |    0.142916
 Daily Time on Site=149            |    0.142451
 Daily Time on Site=258            |    0.141075
 Bounce Rate=45.9                  |    0.140898
 Daily Time on Site=122            |    0.139733
 Bounce Rate=48.5                  |    0.136181
 Rank=6972                         |    0.135855
 Daily Page Views Per Visitor=1.61 |     0.13468
 Country Rank=1784                 |    0.133513
 Daily Time on Site=202            |    0.131225
 Rank=128250                       |    0.128497
 Bounce Rate=68.3                  |    0.124751
 Country Rank=291897               |    0.123708
 Bounce Rate=77.1                  |    0.121086
 Country Rank=22                   |    0.120076
 Rank=384054                       |    0.118232
 Country Rank=47998                |    0.113486
 Country Rank=93                   |    0.112419
 Daily Time on Site=178            |     0.11228
 Total Sites Linking In=29811      |    0.112012
 Rank=77                           |    0.109537
 Country Rank=2914                 |    0.108984
 Rank=198145                       |    0.102955
 Total Sites Linking In=11276      |     0.10165
 Search Visits=26.3                |    0.100974
 Total Sites Linking In=42356      |   0.0954036
 Total Sites Linking In=659        |   0.0949589
 Total Sites Linking In=50232      |    0.094358
 Daily Time on Site=344            |   0.0937664
 Search Visits=7.8                 |   0.0931329
 Total Sites Linking In=8904       |   0.0923085
 Daily Time on Site=295            |   0.0855439
 Country Rank=22530                |   0.0819535
 Bounce Rate=38.2                  |   0.0801971
 Rank=1301                         |   0.0789894
 Search Visits=9.0                 |   0.0765607
 Rank=91285                        |   0.0742327
 Search Visits=18.4                |   0.0736525
 Daily Page Views Per Visitor=1.7  |   0.0715703
 Daily Time on Site=828            |    0.069487
 Search Visits=10.4                |   0.0687691
 Country Rank=375                  |   0.0654932
 Daily Page Views Per Visitor=1.3  |   0.0634392
 Search Visits=10.8                |   0.0606398
 Total Sites Linking In=4325       |   0.0599084
 Total Sites Linking In=231576     |   0.0587739
 Total Sites Linking In=168        |   0.0557617
 Search Visits=14.2                |   0.0553645
 Rank=241053                       |   0.0533697
 Country Rank=36950                |   0.0490653
 Bounce Rate=30.7                  |    0.048486
 Search Visits=23.9                |   0.0443429
 Daily Time on Site=197            |   0.0359454
 Rank=8776                         |   0.0277808
 Search Visits=7.9                 |   0.0177847
 Search Visits=12.8                |   0.0136217
 Country Rank=1778                 |  0.00690771
 Search Visits=8.6                 |  -0.0015634
 Daily Time on Site=199            | -0.00676931
 Total Sites Linking In=1712       |  -0.0117439
 Bounce Rate=52.6                  |  -0.0169943
 Bounce Rate=57.2                  |  -0.0172581
 Country Rank=53822                |  -0.0213279
 Daily Time on Site=171            |  -0.0227399
 Country Rank=262                  |  -0.0248914
 Search Visits=4.9                 |  -0.0265933
 Country Rank=13400                |  -0.0343546
 Daily Time on Site=302            |  -0.0482284
 Rank=120287                       |  -0.0513131
 Total Sites Linking In=615        |  -0.0716259
 Total Sites Linking In=15838      |  -0.0785053
(222 rows)

exps - DEBUG - BUCKETS:
 bucket | is_true | count 
--------+---------+-------
      0 | f       |   368
      0 | t       |     9
      1 | t       |     1
      2 | f       |   291
      2 | t       |    14
      3 | f       |     1
      5 | t       |     1
      7 | f       |     4
      7 | t       |    44
      8 | t       |     1
      9 | f       |     6
      9 | t       |    24
(12 rows)

exps - INFO - 
PERFORMANCE FOR Threshold 0.7
exps - INFO - Precision: 0.875
exps - INFO - Recall: 0.744680851064
exps - INFO - Acc: 0.955497382199
exps - INFO - F1: 0.804597701149
exps - INFO - 
PERFORMANCE FOR Threshold 0.7
exps - INFO - Precision: 0.873417721519
exps - INFO - Recall: 0.734042553191
exps - INFO - Acc: 0.954188481675
exps - INFO - F1: 0.797687861272
exps - INFO - 
PERFORMANCE FOR Threshold 0.7
exps - INFO - Precision: 0.8
exps - INFO - Recall: 0.255319148936
exps - INFO - Acc: 0.900523560209
exps - INFO - F1: 0.387096774194
exps - DEBUG - EVALUATE ASSIGNMENTS TO FALSE (threshold 0.5)
    ?column?    | is_true | count 
----------------+---------+-------
 Assigned False | f       |   660
 Assigned False | t       |    24
(2 rows)

exps - DEBUG - EVALUATE ASSIGNMENTS TO TRUE (threshold 0.5)
   ?column?    | is_true | count 
---------------+---------+-------
 Assigned True | f       |    10
 Assigned True | t       |    70
(2 rows)

exps - DEBUG - EVALUATE ASSIGNMENTS TO FALSE (threshold 0.3)
    ?column?    | is_true | count 
----------------+---------+-------
 Assigned False | f       |   659
 Assigned False | t       |    24
(2 rows)

exps - DEBUG - EVALUATE ASSIGNMENTS TO TRUE (threshold 0.7)
   ?column?    | is_true | count 
---------------+---------+-------
 Assigned True | f       |    10
 Assigned True | t       |    69
(2 rows)

exps - DEBUG - EVALUATE ASSIGNMENTS TO FALSE (threshold 0.1)
    ?column?    | is_true | count 
----------------+---------+-------
 Assigned False | f       |   368
 Assigned False | t       |     9
(2 rows)

exps - DEBUG - EVALUATE ASSIGNMENTS TO TRUE (threshold 0.9)
   ?column?    | is_true | count 
---------------+---------+-------
 Assigned True | f       |     6
 Assigned True | t       |    24
(2 rows)

exps - INFO - END experiments: WITH FEATURES
